[2017-01-10 16:47:20.813] [ERROR] http - ::1 - - "GET /admin/manage HTTP/1.1" 500 1642 "" "Mozilla/5.0 (Windows NT 6.1) AppleWebKit/537.36 (KHTML, like Gecko) Chrome/54.0.2840.99 Safari/537.36"
[2017-01-10 16:47:49.457] [WARN] http - ::1 - - "GET /admin/manage HTTP/1.1" 302 68 "" "Mozilla/5.0 (Windows NT 6.1) AppleWebKit/537.36 (KHTML, like Gecko) Chrome/54.0.2840.99 Safari/537.36"
[2017-01-10 16:47:49.478] [INFO] http - ::1 - - "GET /admin/login HTTP/1.1" 200 4030 "" "Mozilla/5.0 (Windows NT 6.1) AppleWebKit/537.36 (KHTML, like Gecko) Chrome/54.0.2840.99 Safari/537.36"
[2017-01-10 16:47:49.502] [WARN] http - ::1 - - "GET /assets/css/amazeui.min.css HTTP/1.1" 304 - "http://localhost:8888/admin/login" "Mozilla/5.0 (Windows NT 6.1) AppleWebKit/537.36 (KHTML, like Gecko) Chrome/54.0.2840.99 Safari/537.36"
[2017-01-10 16:47:49.503] [WARN] http - ::1 - - "GET /assets/css/amazeui.datatables.min.css HTTP/1.1" 304 - "http://localhost:8888/admin/login" "Mozilla/5.0 (Windows NT 6.1) AppleWebKit/537.36 (KHTML, like Gecko) Chrome/54.0.2840.99 Safari/537.36"
[2017-01-10 16:47:49.503] [WARN] http - ::1 - - "GET /assets/css/app.css HTTP/1.1" 304 - "http://localhost:8888/admin/login" "Mozilla/5.0 (Windows NT 6.1) AppleWebKit/537.36 (KHTML, like Gecko) Chrome/54.0.2840.99 Safari/537.36"
[2017-01-10 16:47:49.503] [WARN] http - ::1 - - "GET /assets/js/jquery.min.js HTTP/1.1" 304 - "http://localhost:8888/admin/login" "Mozilla/5.0 (Windows NT 6.1) AppleWebKit/537.36 (KHTML, like Gecko) Chrome/54.0.2840.99 Safari/537.36"
[2017-01-10 16:47:49.504] [WARN] http - ::1 - - "GET /js/angular.min.js HTTP/1.1" 304 - "http://localhost:8888/admin/login" "Mozilla/5.0 (Windows NT 6.1) AppleWebKit/537.36 (KHTML, like Gecko) Chrome/54.0.2840.99 Safari/537.36"
[2017-01-10 16:47:49.504] [WARN] http - ::1 - - "GET /assets/js/theme.js HTTP/1.1" 304 - "http://localhost:8888/admin/login" "Mozilla/5.0 (Windows NT 6.1) AppleWebKit/537.36 (KHTML, like Gecko) Chrome/54.0.2840.99 Safari/537.36"
[2017-01-10 16:47:49.508] [WARN] http - ::1 - - "GET /assets/js/amazeui.min.js HTTP/1.1" 304 - "http://localhost:8888/admin/login" "Mozilla/5.0 (Windows NT 6.1) AppleWebKit/537.36 (KHTML, like Gecko) Chrome/54.0.2840.99 Safari/537.36"
[2017-01-10 16:47:49.513] [WARN] http - ::1 - - "GET /assets/js/app.js HTTP/1.1" 304 - "http://localhost:8888/admin/login" "Mozilla/5.0 (Windows NT 6.1) AppleWebKit/537.36 (KHTML, like Gecko) Chrome/54.0.2840.99 Safari/537.36"
[2017-01-10 16:47:49.866] [WARN] http - ::1 - - "GET /assets/fonts/fontawesome-webfont.woff2?v=4.6.3 HTTP/1.1" 304 - "http://localhost:8888/assets/css/amazeui.min.css" "Mozilla/5.0 (Windows NT 6.1) AppleWebKit/537.36 (KHTML, like Gecko) Chrome/54.0.2840.99 Safari/537.36"
[2017-01-10 16:47:49.867] [WARN] http - ::1 - - "GET /assets/img/logoa.png HTTP/1.1" 304 - "http://localhost:8888/assets/css/app.css" "Mozilla/5.0 (Windows NT 6.1) AppleWebKit/537.36 (KHTML, like Gecko) Chrome/54.0.2840.99 Safari/537.36"
[2017-01-10 16:47:57.398] [INFO] http - ::1 - - "POST /admin/doLogin HTTP/1.1" 200 - "http://localhost:8888/admin/login" "Mozilla/5.0 (Windows NT 6.1) AppleWebKit/537.36 (KHTML, like Gecko) Chrome/54.0.2840.99 Safari/537.36"
[2017-01-10 16:47:57.415] [INFO] http - ::1 - - "GET /admin/manage HTTP/1.1" 200 27823 "http://localhost:8888/admin/login" "Mozilla/5.0 (Windows NT 6.1) AppleWebKit/537.36 (KHTML, like Gecko) Chrome/54.0.2840.99 Safari/537.36"
[2017-01-10 16:47:57.455] [WARN] http - ::1 - - "GET /assets/css/amazeui.min.css HTTP/1.1" 304 - "http://localhost:8888/admin/manage" "Mozilla/5.0 (Windows NT 6.1) AppleWebKit/537.36 (KHTML, like Gecko) Chrome/54.0.2840.99 Safari/537.36"
[2017-01-10 16:47:57.455] [WARN] http - ::1 - - "GET /assets/css/app.css HTTP/1.1" 304 - "http://localhost:8888/admin/manage" "Mozilla/5.0 (Windows NT 6.1) AppleWebKit/537.36 (KHTML, like Gecko) Chrome/54.0.2840.99 Safari/537.36"
[2017-01-10 16:47:57.456] [WARN] http - ::1 - - "GET /assets/css/zTreeStyle.css HTTP/1.1" 304 - "http://localhost:8888/admin/manage" "Mozilla/5.0 (Windows NT 6.1) AppleWebKit/537.36 (KHTML, like Gecko) Chrome/54.0.2840.99 Safari/537.36"
[2017-01-10 16:47:57.457] [WARN] http - ::1 - - "GET /assets/js/jquery.min.js HTTP/1.1" 304 - "http://localhost:8888/admin/manage" "Mozilla/5.0 (Windows NT 6.1) AppleWebKit/537.36 (KHTML, like Gecko) Chrome/54.0.2840.99 Safari/537.36"
[2017-01-10 16:47:57.458] [WARN] http - ::1 - - "GET /js/angular.min.js HTTP/1.1" 304 - "http://localhost:8888/admin/manage" "Mozilla/5.0 (Windows NT 6.1) AppleWebKit/537.36 (KHTML, like Gecko) Chrome/54.0.2840.99 Safari/537.36"
[2017-01-10 16:47:57.460] [WARN] http - ::1 - - "GET /assets/css/amazeui.datatables.min.css HTTP/1.1" 304 - "http://localhost:8888/admin/manage" "Mozilla/5.0 (Windows NT 6.1) AppleWebKit/537.36 (KHTML, like Gecko) Chrome/54.0.2840.99 Safari/537.36"
[2017-01-10 16:47:57.463] [WARN] http - ::1 - - "GET /assets/js/theme.js HTTP/1.1" 304 - "http://localhost:8888/admin/manage" "Mozilla/5.0 (Windows NT 6.1) AppleWebKit/537.36 (KHTML, like Gecko) Chrome/54.0.2840.99 Safari/537.36"
[2017-01-10 16:47:57.466] [WARN] http - ::1 - - "GET /assets/js/amazeui.min.js HTTP/1.1" 304 - "http://localhost:8888/admin/manage" "Mozilla/5.0 (Windows NT 6.1) AppleWebKit/537.36 (KHTML, like Gecko) Chrome/54.0.2840.99 Safari/537.36"
[2017-01-10 16:47:57.470] [WARN] http - ::1 - - "GET /assets/js/amazeui.datatables.min.js HTTP/1.1" 304 - "http://localhost:8888/admin/manage" "Mozilla/5.0 (Windows NT 6.1) AppleWebKit/537.36 (KHTML, like Gecko) Chrome/54.0.2840.99 Safari/537.36"
[2017-01-10 16:47:57.473] [WARN] http - ::1 - - "GET /assets/js/dataTables.responsive.min.js HTTP/1.1" 304 - "http://localhost:8888/admin/manage" "Mozilla/5.0 (Windows NT 6.1) AppleWebKit/537.36 (KHTML, like Gecko) Chrome/54.0.2840.99 Safari/537.36"
[2017-01-10 16:47:57.477] [WARN] http - ::1 - - "GET /assets/js/app.js HTTP/1.1" 304 - "http://localhost:8888/admin/manage" "Mozilla/5.0 (Windows NT 6.1) AppleWebKit/537.36 (KHTML, like Gecko) Chrome/54.0.2840.99 Safari/537.36"
[2017-01-10 16:47:57.479] [WARN] http - ::1 - - "GET /js/controller.js HTTP/1.1" 304 - "http://localhost:8888/admin/manage" "Mozilla/5.0 (Windows NT 6.1) AppleWebKit/537.36 (KHTML, like Gecko) Chrome/54.0.2840.99 Safari/537.36"
[2017-01-10 16:47:57.482] [WARN] http - ::1 - - "GET /js/cjs.func.js HTTP/1.1" 304 - "http://localhost:8888/admin/manage" "Mozilla/5.0 (Windows NT 6.1) AppleWebKit/537.36 (KHTML, like Gecko) Chrome/54.0.2840.99 Safari/537.36"
[2017-01-10 16:47:57.486] [WARN] http - ::1 - - "GET /assets/js/jquery.ztree.core.js HTTP/1.1" 304 - "http://localhost:8888/admin/manage" "Mozilla/5.0 (Windows NT 6.1) AppleWebKit/537.36 (KHTML, like Gecko) Chrome/54.0.2840.99 Safari/537.36"
[2017-01-10 16:47:57.488] [WARN] http - ::1 - - "GET /assets/js/jquery.ztree.excheck.js HTTP/1.1" 304 - "http://localhost:8888/admin/manage" "Mozilla/5.0 (Windows NT 6.1) AppleWebKit/537.36 (KHTML, like Gecko) Chrome/54.0.2840.99 Safari/537.36"
[2017-01-10 16:47:57.492] [WARN] http - ::1 - - "GET /assets/img/logo.png HTTP/1.1" 304 - "http://localhost:8888/admin/manage" "Mozilla/5.0 (Windows NT 6.1) AppleWebKit/537.36 (KHTML, like Gecko) Chrome/54.0.2840.99 Safari/537.36"
[2017-01-10 16:47:57.496] [WARN] http - ::1 - - "GET /assets/img/user04.png HTTP/1.1" 304 - "http://localhost:8888/admin/manage" "Mozilla/5.0 (Windows NT 6.1) AppleWebKit/537.36 (KHTML, like Gecko) Chrome/54.0.2840.99 Safari/537.36"
[2017-01-10 16:47:57.502] [WARN] http - ::1 - - "GET /assets/img/user02.png HTTP/1.1" 304 - "http://localhost:8888/admin/manage" "Mozilla/5.0 (Windows NT 6.1) AppleWebKit/537.36 (KHTML, like Gecko) Chrome/54.0.2840.99 Safari/537.36"
[2017-01-10 16:47:57.506] [WARN] http - ::1 - - "GET /assets/img/user07.png HTTP/1.1" 304 - "http://localhost:8888/admin/manage" "Mozilla/5.0 (Windows NT 6.1) AppleWebKit/537.36 (KHTML, like Gecko) Chrome/54.0.2840.99 Safari/537.36"
[2017-01-10 16:47:57.666] [WARN] http - ::1 - - "GET /assets/fonts/fontawesome-webfont.woff2?v=4.6.3 HTTP/1.1" 304 - "http://localhost:8888/assets/css/amazeui.min.css" "Mozilla/5.0 (Windows NT 6.1) AppleWebKit/537.36 (KHTML, like Gecko) Chrome/54.0.2840.99 Safari/537.36"
[2017-01-10 16:47:57.910] [WARN] http - ::1 - - "GET /assets/i/favicon.png HTTP/1.1" 304 - "http://localhost:8888/admin/manage" "Mozilla/5.0 (Windows NT 6.1) AppleWebKit/537.36 (KHTML, like Gecko) Chrome/54.0.2840.99 Safari/537.36"
[2017-01-10 16:48:03.658] [INFO] http - ::1 - - "GET /admin/manage/userMge HTTP/1.1" 200 25688 "http://localhost:8888/admin/manage" "Mozilla/5.0 (Windows NT 6.1) AppleWebKit/537.36 (KHTML, like Gecko) Chrome/54.0.2840.99 Safari/537.36"
[2017-01-10 16:48:03.708] [WARN] http - ::1 - - "GET /assets/css/amazeui.min.css HTTP/1.1" 304 - "http://localhost:8888/admin/manage/userMge" "Mozilla/5.0 (Windows NT 6.1) AppleWebKit/537.36 (KHTML, like Gecko) Chrome/54.0.2840.99 Safari/537.36"
[2017-01-10 16:48:03.708] [WARN] http - ::1 - - "GET /assets/css/amazeui.datatables.min.css HTTP/1.1" 304 - "http://localhost:8888/admin/manage/userMge" "Mozilla/5.0 (Windows NT 6.1) AppleWebKit/537.36 (KHTML, like Gecko) Chrome/54.0.2840.99 Safari/537.36"
[2017-01-10 16:48:03.710] [WARN] http - ::1 - - "GET /assets/css/app.css HTTP/1.1" 304 - "http://localhost:8888/admin/manage/userMge" "Mozilla/5.0 (Windows NT 6.1) AppleWebKit/537.36 (KHTML, like Gecko) Chrome/54.0.2840.99 Safari/537.36"
[2017-01-10 16:48:03.710] [WARN] http - ::1 - - "GET /assets/css/zTreeStyle.css HTTP/1.1" 304 - "http://localhost:8888/admin/manage/userMge" "Mozilla/5.0 (Windows NT 6.1) AppleWebKit/537.36 (KHTML, like Gecko) Chrome/54.0.2840.99 Safari/537.36"
[2017-01-10 16:48:03.711] [WARN] http - ::1 - - "GET /assets/js/jquery.min.js HTTP/1.1" 304 - "http://localhost:8888/admin/manage/userMge" "Mozilla/5.0 (Windows NT 6.1) AppleWebKit/537.36 (KHTML, like Gecko) Chrome/54.0.2840.99 Safari/537.36"
[2017-01-10 16:48:03.711] [WARN] http - ::1 - - "GET /js/angular.min.js HTTP/1.1" 304 - "http://localhost:8888/admin/manage/userMge" "Mozilla/5.0 (Windows NT 6.1) AppleWebKit/537.36 (KHTML, like Gecko) Chrome/54.0.2840.99 Safari/537.36"
[2017-01-10 16:48:03.717] [WARN] http - ::1 - - "GET /assets/js/theme.js HTTP/1.1" 304 - "http://localhost:8888/admin/manage/userMge" "Mozilla/5.0 (Windows NT 6.1) AppleWebKit/537.36 (KHTML, like Gecko) Chrome/54.0.2840.99 Safari/537.36"
[2017-01-10 16:48:03.719] [WARN] http - ::1 - - "GET /assets/js/amazeui.min.js HTTP/1.1" 304 - "http://localhost:8888/admin/manage/userMge" "Mozilla/5.0 (Windows NT 6.1) AppleWebKit/537.36 (KHTML, like Gecko) Chrome/54.0.2840.99 Safari/537.36"
[2017-01-10 16:48:03.723] [WARN] http - ::1 - - "GET /assets/js/amazeui.datatables.min.js HTTP/1.1" 304 - "http://localhost:8888/admin/manage/userMge" "Mozilla/5.0 (Windows NT 6.1) AppleWebKit/537.36 (KHTML, like Gecko) Chrome/54.0.2840.99 Safari/537.36"
[2017-01-10 16:48:03.727] [WARN] http - ::1 - - "GET /assets/js/dataTables.responsive.min.js HTTP/1.1" 304 - "http://localhost:8888/admin/manage/userMge" "Mozilla/5.0 (Windows NT 6.1) AppleWebKit/537.36 (KHTML, like Gecko) Chrome/54.0.2840.99 Safari/537.36"
[2017-01-10 16:48:03.730] [WARN] http - ::1 - - "GET /assets/js/app.js HTTP/1.1" 304 - "http://localhost:8888/admin/manage/userMge" "Mozilla/5.0 (Windows NT 6.1) AppleWebKit/537.36 (KHTML, like Gecko) Chrome/54.0.2840.99 Safari/537.36"
[2017-01-10 16:48:03.733] [WARN] http - ::1 - - "GET /js/controller.js HTTP/1.1" 304 - "http://localhost:8888/admin/manage/userMge" "Mozilla/5.0 (Windows NT 6.1) AppleWebKit/537.36 (KHTML, like Gecko) Chrome/54.0.2840.99 Safari/537.36"
[2017-01-10 16:48:03.737] [WARN] http - ::1 - - "GET /js/cjs.func.js HTTP/1.1" 304 - "http://localhost:8888/admin/manage/userMge" "Mozilla/5.0 (Windows NT 6.1) AppleWebKit/537.36 (KHTML, like Gecko) Chrome/54.0.2840.99 Safari/537.36"
[2017-01-10 16:48:03.743] [WARN] http - ::1 - - "GET /assets/js/jquery.ztree.core.js HTTP/1.1" 304 - "http://localhost:8888/admin/manage/userMge" "Mozilla/5.0 (Windows NT 6.1) AppleWebKit/537.36 (KHTML, like Gecko) Chrome/54.0.2840.99 Safari/537.36"
[2017-01-10 16:48:03.745] [WARN] http - ::1 - - "GET /assets/js/jquery.ztree.excheck.js HTTP/1.1" 304 - "http://localhost:8888/admin/manage/userMge" "Mozilla/5.0 (Windows NT 6.1) AppleWebKit/537.36 (KHTML, like Gecko) Chrome/54.0.2840.99 Safari/537.36"
[2017-01-10 16:48:03.748] [WARN] http - ::1 - - "GET /assets/img/logo.png HTTP/1.1" 304 - "http://localhost:8888/admin/manage/userMge" "Mozilla/5.0 (Windows NT 6.1) AppleWebKit/537.36 (KHTML, like Gecko) Chrome/54.0.2840.99 Safari/537.36"
[2017-01-10 16:48:03.752] [WARN] http - ::1 - - "GET /assets/img/user04.png HTTP/1.1" 304 - "http://localhost:8888/admin/manage/userMge" "Mozilla/5.0 (Windows NT 6.1) AppleWebKit/537.36 (KHTML, like Gecko) Chrome/54.0.2840.99 Safari/537.36"
[2017-01-10 16:48:03.755] [WARN] http - ::1 - - "GET /assets/img/user02.png HTTP/1.1" 304 - "http://localhost:8888/admin/manage/userMge" "Mozilla/5.0 (Windows NT 6.1) AppleWebKit/537.36 (KHTML, like Gecko) Chrome/54.0.2840.99 Safari/537.36"
[2017-01-10 16:48:03.898] [WARN] http - ::1 - - "GET /assets/fonts/fontawesome-webfont.woff2?v=4.6.3 HTTP/1.1" 304 - "http://localhost:8888/assets/css/amazeui.min.css" "Mozilla/5.0 (Windows NT 6.1) AppleWebKit/537.36 (KHTML, like Gecko) Chrome/54.0.2840.99 Safari/537.36"
[2017-01-10 16:48:04.030] [WARN] http - ::1 - - "GET /admin/manage/sysTemManage_uGroup/findAll HTTP/1.1" 304 - "http://localhost:8888/admin/manage/userMge" "Mozilla/5.0 (Windows NT 6.1) AppleWebKit/537.36 (KHTML, like Gecko) Chrome/54.0.2840.99 Safari/537.36"
[2017-01-10 16:48:04.034] [WARN] http - ::1 - - "GET /admin/manage/getDocumentList/sysTemManage_user?limit=10&currentPage=1&searchKey=undefined&area=undefined HTTP/1.1" 304 - "http://localhost:8888/admin/manage/userMge" "Mozilla/5.0 (Windows NT 6.1) AppleWebKit/537.36 (KHTML, like Gecko) Chrome/54.0.2840.99 Safari/537.36"
[2017-01-10 16:48:05.710] [INFO] http - ::1 - - "GET /admin/manage/groupMge HTTP/1.1" 200 23595 "http://localhost:8888/admin/manage/userMge" "Mozilla/5.0 (Windows NT 6.1) AppleWebKit/537.36 (KHTML, like Gecko) Chrome/54.0.2840.99 Safari/537.36"
[2017-01-10 16:48:05.742] [WARN] http - ::1 - - "GET /assets/css/amazeui.min.css HTTP/1.1" 304 - "http://localhost:8888/admin/manage/groupMge" "Mozilla/5.0 (Windows NT 6.1) AppleWebKit/537.36 (KHTML, like Gecko) Chrome/54.0.2840.99 Safari/537.36"
[2017-01-10 16:48:05.746] [WARN] http - ::1 - - "GET /assets/css/amazeui.datatables.min.css HTTP/1.1" 304 - "http://localhost:8888/admin/manage/groupMge" "Mozilla/5.0 (Windows NT 6.1) AppleWebKit/537.36 (KHTML, like Gecko) Chrome/54.0.2840.99 Safari/537.36"
[2017-01-10 16:48:05.746] [WARN] http - ::1 - - "GET /assets/css/app.css HTTP/1.1" 304 - "http://localhost:8888/admin/manage/groupMge" "Mozilla/5.0 (Windows NT 6.1) AppleWebKit/537.36 (KHTML, like Gecko) Chrome/54.0.2840.99 Safari/537.36"
[2017-01-10 16:48:05.746] [WARN] http - ::1 - - "GET /assets/css/zTreeStyle.css HTTP/1.1" 304 - "http://localhost:8888/admin/manage/groupMge" "Mozilla/5.0 (Windows NT 6.1) AppleWebKit/537.36 (KHTML, like Gecko) Chrome/54.0.2840.99 Safari/537.36"
[2017-01-10 16:48:05.749] [WARN] http - ::1 - - "GET /assets/js/jquery.min.js HTTP/1.1" 304 - "http://localhost:8888/admin/manage/groupMge" "Mozilla/5.0 (Windows NT 6.1) AppleWebKit/537.36 (KHTML, like Gecko) Chrome/54.0.2840.99 Safari/537.36"
[2017-01-10 16:48:05.749] [WARN] http - ::1 - - "GET /js/angular.min.js HTTP/1.1" 304 - "http://localhost:8888/admin/manage/groupMge" "Mozilla/5.0 (Windows NT 6.1) AppleWebKit/537.36 (KHTML, like Gecko) Chrome/54.0.2840.99 Safari/537.36"
[2017-01-10 16:48:05.752] [WARN] http - ::1 - - "GET /assets/js/theme.js HTTP/1.1" 304 - "http://localhost:8888/admin/manage/groupMge" "Mozilla/5.0 (Windows NT 6.1) AppleWebKit/537.36 (KHTML, like Gecko) Chrome/54.0.2840.99 Safari/537.36"
[2017-01-10 16:48:05.759] [WARN] http - ::1 - - "GET /assets/js/amazeui.min.js HTTP/1.1" 304 - "http://localhost:8888/admin/manage/groupMge" "Mozilla/5.0 (Windows NT 6.1) AppleWebKit/537.36 (KHTML, like Gecko) Chrome/54.0.2840.99 Safari/537.36"
[2017-01-10 16:48:05.766] [WARN] http - ::1 - - "GET /assets/js/amazeui.datatables.min.js HTTP/1.1" 304 - "http://localhost:8888/admin/manage/groupMge" "Mozilla/5.0 (Windows NT 6.1) AppleWebKit/537.36 (KHTML, like Gecko) Chrome/54.0.2840.99 Safari/537.36"
[2017-01-10 16:48:05.768] [WARN] http - ::1 - - "GET /assets/js/dataTables.responsive.min.js HTTP/1.1" 304 - "http://localhost:8888/admin/manage/groupMge" "Mozilla/5.0 (Windows NT 6.1) AppleWebKit/537.36 (KHTML, like Gecko) Chrome/54.0.2840.99 Safari/537.36"
[2017-01-10 16:48:05.771] [WARN] http - ::1 - - "GET /assets/js/app.js HTTP/1.1" 304 - "http://localhost:8888/admin/manage/groupMge" "Mozilla/5.0 (Windows NT 6.1) AppleWebKit/537.36 (KHTML, like Gecko) Chrome/54.0.2840.99 Safari/537.36"
[2017-01-10 16:48:05.776] [WARN] http - ::1 - - "GET /js/controller.js HTTP/1.1" 304 - "http://localhost:8888/admin/manage/groupMge" "Mozilla/5.0 (Windows NT 6.1) AppleWebKit/537.36 (KHTML, like Gecko) Chrome/54.0.2840.99 Safari/537.36"
[2017-01-10 16:48:05.779] [WARN] http - ::1 - - "GET /js/cjs.func.js HTTP/1.1" 304 - "http://localhost:8888/admin/manage/groupMge" "Mozilla/5.0 (Windows NT 6.1) AppleWebKit/537.36 (KHTML, like Gecko) Chrome/54.0.2840.99 Safari/537.36"
[2017-01-10 16:48:05.782] [WARN] http - ::1 - - "GET /assets/js/jquery.ztree.core.js HTTP/1.1" 304 - "http://localhost:8888/admin/manage/groupMge" "Mozilla/5.0 (Windows NT 6.1) AppleWebKit/537.36 (KHTML, like Gecko) Chrome/54.0.2840.99 Safari/537.36"
[2017-01-10 16:48:05.785] [WARN] http - ::1 - - "GET /assets/js/jquery.ztree.excheck.js HTTP/1.1" 304 - "http://localhost:8888/admin/manage/groupMge" "Mozilla/5.0 (Windows NT 6.1) AppleWebKit/537.36 (KHTML, like Gecko) Chrome/54.0.2840.99 Safari/537.36"
[2017-01-10 16:48:05.788] [WARN] http - ::1 - - "GET /assets/img/logo.png HTTP/1.1" 304 - "http://localhost:8888/admin/manage/groupMge" "Mozilla/5.0 (Windows NT 6.1) AppleWebKit/537.36 (KHTML, like Gecko) Chrome/54.0.2840.99 Safari/537.36"
[2017-01-10 16:48:05.790] [WARN] http - ::1 - - "GET /assets/img/user04.png HTTP/1.1" 304 - "http://localhost:8888/admin/manage/groupMge" "Mozilla/5.0 (Windows NT 6.1) AppleWebKit/537.36 (KHTML, like Gecko) Chrome/54.0.2840.99 Safari/537.36"
[2017-01-10 16:48:05.794] [WARN] http - ::1 - - "GET /assets/img/user02.png HTTP/1.1" 304 - "http://localhost:8888/admin/manage/groupMge" "Mozilla/5.0 (Windows NT 6.1) AppleWebKit/537.36 (KHTML, like Gecko) Chrome/54.0.2840.99 Safari/537.36"
[2017-01-10 16:48:05.933] [WARN] http - ::1 - - "GET /assets/fonts/fontawesome-webfont.woff2?v=4.6.3 HTTP/1.1" 304 - "http://localhost:8888/assets/css/amazeui.min.css" "Mozilla/5.0 (Windows NT 6.1) AppleWebKit/537.36 (KHTML, like Gecko) Chrome/54.0.2840.99 Safari/537.36"
[2017-01-10 16:48:06.026] [WARN] http - ::1 - - "GET /admin/manage/getDocumentList/sysTemManage_uGroup?limit=10&currentPage=1&searchKey=undefined&area=undefined HTTP/1.1" 304 - "http://localhost:8888/admin/manage/groupMge" "Mozilla/5.0 (Windows NT 6.1) AppleWebKit/537.36 (KHTML, like Gecko) Chrome/54.0.2840.99 Safari/537.36"
[2017-01-10 16:48:08.555] [ERROR] http - ::1 - - "GET /admin/manage/chart.html HTTP/1.1" 404 36 "http://localhost:8888/admin/manage/groupMge" "Mozilla/5.0 (Windows NT 6.1) AppleWebKit/537.36 (KHTML, like Gecko) Chrome/54.0.2840.99 Safari/537.36"
[2017-01-10 17:12:43.650] [WARN] http - ::1 - - "GET /admin/manage/groupMge HTTP/1.1" 304 - "" "Mozilla/5.0 (Windows NT 6.1) AppleWebKit/537.36 (KHTML, like Gecko) Chrome/54.0.2840.99 Safari/537.36"
[2017-01-10 17:12:43.684] [WARN] http - ::1 - - "GET /assets/css/amazeui.min.css HTTP/1.1" 304 - "http://localhost:8888/admin/manage/groupMge" "Mozilla/5.0 (Windows NT 6.1) AppleWebKit/537.36 (KHTML, like Gecko) Chrome/54.0.2840.99 Safari/537.36"
[2017-01-10 17:12:43.688] [WARN] http - ::1 - - "GET /assets/css/amazeui.datatables.min.css HTTP/1.1" 304 - "http://localhost:8888/admin/manage/groupMge" "Mozilla/5.0 (Windows NT 6.1) AppleWebKit/537.36 (KHTML, like Gecko) Chrome/54.0.2840.99 Safari/537.36"
[2017-01-10 17:12:43.688] [WARN] http - ::1 - - "GET /assets/css/app.css HTTP/1.1" 304 - "http://localhost:8888/admin/manage/groupMge" "Mozilla/5.0 (Windows NT 6.1) AppleWebKit/537.36 (KHTML, like Gecko) Chrome/54.0.2840.99 Safari/537.36"
[2017-01-10 17:12:43.688] [WARN] http - ::1 - - "GET /assets/css/zTreeStyle.css HTTP/1.1" 304 - "http://localhost:8888/admin/manage/groupMge" "Mozilla/5.0 (Windows NT 6.1) AppleWebKit/537.36 (KHTML, like Gecko) Chrome/54.0.2840.99 Safari/537.36"
[2017-01-10 17:12:43.688] [WARN] http - ::1 - - "GET /assets/js/jquery.min.js HTTP/1.1" 304 - "http://localhost:8888/admin/manage/groupMge" "Mozilla/5.0 (Windows NT 6.1) AppleWebKit/537.36 (KHTML, like Gecko) Chrome/54.0.2840.99 Safari/537.36"
[2017-01-10 17:12:43.689] [WARN] http - ::1 - - "GET /js/angular.min.js HTTP/1.1" 304 - "http://localhost:8888/admin/manage/groupMge" "Mozilla/5.0 (Windows NT 6.1) AppleWebKit/537.36 (KHTML, like Gecko) Chrome/54.0.2840.99 Safari/537.36"
[2017-01-10 17:12:43.691] [WARN] http - ::1 - - "GET /assets/js/theme.js HTTP/1.1" 304 - "http://localhost:8888/admin/manage/groupMge" "Mozilla/5.0 (Windows NT 6.1) AppleWebKit/537.36 (KHTML, like Gecko) Chrome/54.0.2840.99 Safari/537.36"
[2017-01-10 17:12:43.694] [WARN] http - ::1 - - "GET /assets/js/amazeui.min.js HTTP/1.1" 304 - "http://localhost:8888/admin/manage/groupMge" "Mozilla/5.0 (Windows NT 6.1) AppleWebKit/537.36 (KHTML, like Gecko) Chrome/54.0.2840.99 Safari/537.36"
[2017-01-10 17:12:43.698] [WARN] http - ::1 - - "GET /assets/js/amazeui.datatables.min.js HTTP/1.1" 304 - "http://localhost:8888/admin/manage/groupMge" "Mozilla/5.0 (Windows NT 6.1) AppleWebKit/537.36 (KHTML, like Gecko) Chrome/54.0.2840.99 Safari/537.36"
[2017-01-10 17:12:43.701] [WARN] http - ::1 - - "GET /assets/js/dataTables.responsive.min.js HTTP/1.1" 304 - "http://localhost:8888/admin/manage/groupMge" "Mozilla/5.0 (Windows NT 6.1) AppleWebKit/537.36 (KHTML, like Gecko) Chrome/54.0.2840.99 Safari/537.36"
[2017-01-10 17:12:43.704] [WARN] http - ::1 - - "GET /assets/js/app.js HTTP/1.1" 304 - "http://localhost:8888/admin/manage/groupMge" "Mozilla/5.0 (Windows NT 6.1) AppleWebKit/537.36 (KHTML, like Gecko) Chrome/54.0.2840.99 Safari/537.36"
[2017-01-10 17:12:43.707] [WARN] http - ::1 - - "GET /js/controller.js HTTP/1.1" 304 - "http://localhost:8888/admin/manage/groupMge" "Mozilla/5.0 (Windows NT 6.1) AppleWebKit/537.36 (KHTML, like Gecko) Chrome/54.0.2840.99 Safari/537.36"
[2017-01-10 17:12:43.710] [WARN] http - ::1 - - "GET /js/cjs.func.js HTTP/1.1" 304 - "http://localhost:8888/admin/manage/groupMge" "Mozilla/5.0 (Windows NT 6.1) AppleWebKit/537.36 (KHTML, like Gecko) Chrome/54.0.2840.99 Safari/537.36"
[2017-01-10 17:12:43.714] [WARN] http - ::1 - - "GET /assets/js/jquery.ztree.core.js HTTP/1.1" 304 - "http://localhost:8888/admin/manage/groupMge" "Mozilla/5.0 (Windows NT 6.1) AppleWebKit/537.36 (KHTML, like Gecko) Chrome/54.0.2840.99 Safari/537.36"
[2017-01-10 17:12:43.716] [WARN] http - ::1 - - "GET /assets/js/jquery.ztree.excheck.js HTTP/1.1" 304 - "http://localhost:8888/admin/manage/groupMge" "Mozilla/5.0 (Windows NT 6.1) AppleWebKit/537.36 (KHTML, like Gecko) Chrome/54.0.2840.99 Safari/537.36"
[2017-01-10 17:12:43.719] [WARN] http - ::1 - - "GET /assets/img/logo.png HTTP/1.1" 304 - "http://localhost:8888/admin/manage/groupMge" "Mozilla/5.0 (Windows NT 6.1) AppleWebKit/537.36 (KHTML, like Gecko) Chrome/54.0.2840.99 Safari/537.36"
[2017-01-10 17:12:43.722] [WARN] http - ::1 - - "GET /assets/img/user04.png HTTP/1.1" 304 - "http://localhost:8888/admin/manage/groupMge" "Mozilla/5.0 (Windows NT 6.1) AppleWebKit/537.36 (KHTML, like Gecko) Chrome/54.0.2840.99 Safari/537.36"
[2017-01-10 17:12:43.724] [WARN] http - ::1 - - "GET /assets/img/user02.png HTTP/1.1" 304 - "http://localhost:8888/admin/manage/groupMge" "Mozilla/5.0 (Windows NT 6.1) AppleWebKit/537.36 (KHTML, like Gecko) Chrome/54.0.2840.99 Safari/537.36"
[2017-01-10 17:12:44.029] [WARN] http - ::1 - - "GET /assets/fonts/fontawesome-webfont.woff2?v=4.6.3 HTTP/1.1" 304 - "http://localhost:8888/assets/css/amazeui.min.css" "Mozilla/5.0 (Windows NT 6.1) AppleWebKit/537.36 (KHTML, like Gecko) Chrome/54.0.2840.99 Safari/537.36"
[2017-01-10 17:12:44.229] [WARN] http - ::1 - - "GET /admin/manage/getDocumentList/sysTemManage_uGroup?limit=10&currentPage=1&searchKey=undefined&area=undefined HTTP/1.1" 304 - "http://localhost:8888/admin/manage/groupMge" "Mozilla/5.0 (Windows NT 6.1) AppleWebKit/537.36 (KHTML, like Gecko) Chrome/54.0.2840.99 Safari/537.36"
[2017-01-10 17:16:14.092] [WARN] http - ::1 - - "GET /admin/manage/groupMge HTTP/1.1" 304 - "" "Mozilla/5.0 (Windows NT 6.1) AppleWebKit/537.36 (KHTML, like Gecko) Chrome/54.0.2840.99 Safari/537.36"
[2017-01-10 17:16:14.119] [WARN] http - ::1 - - "GET /assets/css/amazeui.min.css HTTP/1.1" 304 - "http://localhost:8888/admin/manage/groupMge" "Mozilla/5.0 (Windows NT 6.1) AppleWebKit/537.36 (KHTML, like Gecko) Chrome/54.0.2840.99 Safari/537.36"
[2017-01-10 17:16:14.122] [WARN] http - ::1 - - "GET /assets/css/amazeui.datatables.min.css HTTP/1.1" 304 - "http://localhost:8888/admin/manage/groupMge" "Mozilla/5.0 (Windows NT 6.1) AppleWebKit/537.36 (KHTML, like Gecko) Chrome/54.0.2840.99 Safari/537.36"
[2017-01-10 17:16:14.122] [WARN] http - ::1 - - "GET /assets/css/app.css HTTP/1.1" 304 - "http://localhost:8888/admin/manage/groupMge" "Mozilla/5.0 (Windows NT 6.1) AppleWebKit/537.36 (KHTML, like Gecko) Chrome/54.0.2840.99 Safari/537.36"
[2017-01-10 17:16:14.123] [WARN] http - ::1 - - "GET /assets/css/zTreeStyle.css HTTP/1.1" 304 - "http://localhost:8888/admin/manage/groupMge" "Mozilla/5.0 (Windows NT 6.1) AppleWebKit/537.36 (KHTML, like Gecko) Chrome/54.0.2840.99 Safari/537.36"
[2017-01-10 17:16:14.123] [WARN] http - ::1 - - "GET /assets/js/jquery.min.js HTTP/1.1" 304 - "http://localhost:8888/admin/manage/groupMge" "Mozilla/5.0 (Windows NT 6.1) AppleWebKit/537.36 (KHTML, like Gecko) Chrome/54.0.2840.99 Safari/537.36"
[2017-01-10 17:16:14.123] [WARN] http - ::1 - - "GET /js/angular.min.js HTTP/1.1" 304 - "http://localhost:8888/admin/manage/groupMge" "Mozilla/5.0 (Windows NT 6.1) AppleWebKit/537.36 (KHTML, like Gecko) Chrome/54.0.2840.99 Safari/537.36"
[2017-01-10 17:16:14.127] [WARN] http - ::1 - - "GET /assets/js/theme.js HTTP/1.1" 304 - "http://localhost:8888/admin/manage/groupMge" "Mozilla/5.0 (Windows NT 6.1) AppleWebKit/537.36 (KHTML, like Gecko) Chrome/54.0.2840.99 Safari/537.36"
[2017-01-10 17:16:14.130] [WARN] http - ::1 - - "GET /assets/js/amazeui.min.js HTTP/1.1" 304 - "http://localhost:8888/admin/manage/groupMge" "Mozilla/5.0 (Windows NT 6.1) AppleWebKit/537.36 (KHTML, like Gecko) Chrome/54.0.2840.99 Safari/537.36"
[2017-01-10 17:16:14.134] [WARN] http - ::1 - - "GET /assets/js/amazeui.datatables.min.js HTTP/1.1" 304 - "http://localhost:8888/admin/manage/groupMge" "Mozilla/5.0 (Windows NT 6.1) AppleWebKit/537.36 (KHTML, like Gecko) Chrome/54.0.2840.99 Safari/537.36"
[2017-01-10 17:16:14.138] [WARN] http - ::1 - - "GET /assets/js/dataTables.responsive.min.js HTTP/1.1" 304 - "http://localhost:8888/admin/manage/groupMge" "Mozilla/5.0 (Windows NT 6.1) AppleWebKit/537.36 (KHTML, like Gecko) Chrome/54.0.2840.99 Safari/537.36"
[2017-01-10 17:16:14.141] [WARN] http - ::1 - - "GET /assets/js/app.js HTTP/1.1" 304 - "http://localhost:8888/admin/manage/groupMge" "Mozilla/5.0 (Windows NT 6.1) AppleWebKit/537.36 (KHTML, like Gecko) Chrome/54.0.2840.99 Safari/537.36"
[2017-01-10 17:16:14.144] [WARN] http - ::1 - - "GET /js/controller.js HTTP/1.1" 304 - "http://localhost:8888/admin/manage/groupMge" "Mozilla/5.0 (Windows NT 6.1) AppleWebKit/537.36 (KHTML, like Gecko) Chrome/54.0.2840.99 Safari/537.36"
[2017-01-10 17:16:14.148] [WARN] http - ::1 - - "GET /js/cjs.func.js HTTP/1.1" 304 - "http://localhost:8888/admin/manage/groupMge" "Mozilla/5.0 (Windows NT 6.1) AppleWebKit/537.36 (KHTML, like Gecko) Chrome/54.0.2840.99 Safari/537.36"
[2017-01-10 17:16:14.151] [WARN] http - ::1 - - "GET /assets/js/jquery.ztree.core.js HTTP/1.1" 304 - "http://localhost:8888/admin/manage/groupMge" "Mozilla/5.0 (Windows NT 6.1) AppleWebKit/537.36 (KHTML, like Gecko) Chrome/54.0.2840.99 Safari/537.36"
[2017-01-10 17:16:14.153] [WARN] http - ::1 - - "GET /assets/js/jquery.ztree.excheck.js HTTP/1.1" 304 - "http://localhost:8888/admin/manage/groupMge" "Mozilla/5.0 (Windows NT 6.1) AppleWebKit/537.36 (KHTML, like Gecko) Chrome/54.0.2840.99 Safari/537.36"
[2017-01-10 17:16:14.156] [WARN] http - ::1 - - "GET /assets/img/logo.png HTTP/1.1" 304 - "http://localhost:8888/admin/manage/groupMge" "Mozilla/5.0 (Windows NT 6.1) AppleWebKit/537.36 (KHTML, like Gecko) Chrome/54.0.2840.99 Safari/537.36"
[2017-01-10 17:16:14.160] [WARN] http - ::1 - - "GET /assets/img/user04.png HTTP/1.1" 304 - "http://localhost:8888/admin/manage/groupMge" "Mozilla/5.0 (Windows NT 6.1) AppleWebKit/537.36 (KHTML, like Gecko) Chrome/54.0.2840.99 Safari/537.36"
[2017-01-10 17:16:14.165] [WARN] http - ::1 - - "GET /assets/img/user02.png HTTP/1.1" 304 - "http://localhost:8888/admin/manage/groupMge" "Mozilla/5.0 (Windows NT 6.1) AppleWebKit/537.36 (KHTML, like Gecko) Chrome/54.0.2840.99 Safari/537.36"
[2017-01-10 17:16:14.462] [WARN] http - ::1 - - "GET /assets/fonts/fontawesome-webfont.woff2?v=4.6.3 HTTP/1.1" 304 - "http://localhost:8888/assets/css/amazeui.min.css" "Mozilla/5.0 (Windows NT 6.1) AppleWebKit/537.36 (KHTML, like Gecko) Chrome/54.0.2840.99 Safari/537.36"
[2017-01-10 17:16:14.658] [WARN] http - ::1 - - "GET /admin/manage/getDocumentList/sysTemManage_uGroup?limit=10&currentPage=1&searchKey=undefined&area=undefined HTTP/1.1" 304 - "http://localhost:8888/admin/manage/groupMge" "Mozilla/5.0 (Windows NT 6.1) AppleWebKit/537.36 (KHTML, like Gecko) Chrome/54.0.2840.99 Safari/537.36"
[2017-01-10 17:16:26.621] [WARN] http - ::1 - - "GET /admin/manage/userMge HTTP/1.1" 304 - "http://localhost:8888/admin/manage/groupMge" "Mozilla/5.0 (Windows NT 6.1) AppleWebKit/537.36 (KHTML, like Gecko) Chrome/54.0.2840.99 Safari/537.36"
[2017-01-10 17:16:26.646] [WARN] http - ::1 - - "GET /assets/css/amazeui.min.css HTTP/1.1" 304 - "http://localhost:8888/admin/manage/userMge" "Mozilla/5.0 (Windows NT 6.1) AppleWebKit/537.36 (KHTML, like Gecko) Chrome/54.0.2840.99 Safari/537.36"
[2017-01-10 17:16:26.648] [WARN] http - ::1 - - "GET /assets/css/amazeui.datatables.min.css HTTP/1.1" 304 - "http://localhost:8888/admin/manage/userMge" "Mozilla/5.0 (Windows NT 6.1) AppleWebKit/537.36 (KHTML, like Gecko) Chrome/54.0.2840.99 Safari/537.36"
[2017-01-10 17:16:26.648] [WARN] http - ::1 - - "GET /assets/css/app.css HTTP/1.1" 304 - "http://localhost:8888/admin/manage/userMge" "Mozilla/5.0 (Windows NT 6.1) AppleWebKit/537.36 (KHTML, like Gecko) Chrome/54.0.2840.99 Safari/537.36"
[2017-01-10 17:16:26.650] [WARN] http - ::1 - - "GET /assets/css/zTreeStyle.css HTTP/1.1" 304 - "http://localhost:8888/admin/manage/userMge" "Mozilla/5.0 (Windows NT 6.1) AppleWebKit/537.36 (KHTML, like Gecko) Chrome/54.0.2840.99 Safari/537.36"
[2017-01-10 17:16:26.650] [WARN] http - ::1 - - "GET /assets/js/jquery.min.js HTTP/1.1" 304 - "http://localhost:8888/admin/manage/userMge" "Mozilla/5.0 (Windows NT 6.1) AppleWebKit/537.36 (KHTML, like Gecko) Chrome/54.0.2840.99 Safari/537.36"
[2017-01-10 17:16:26.650] [WARN] http - ::1 - - "GET /js/angular.min.js HTTP/1.1" 304 - "http://localhost:8888/admin/manage/userMge" "Mozilla/5.0 (Windows NT 6.1) AppleWebKit/537.36 (KHTML, like Gecko) Chrome/54.0.2840.99 Safari/537.36"
[2017-01-10 17:16:26.653] [WARN] http - ::1 - - "GET /assets/js/theme.js HTTP/1.1" 304 - "http://localhost:8888/admin/manage/userMge" "Mozilla/5.0 (Windows NT 6.1) AppleWebKit/537.36 (KHTML, like Gecko) Chrome/54.0.2840.99 Safari/537.36"
[2017-01-10 17:16:26.801] [WARN] http - ::1 - - "GET /assets/js/amazeui.min.js HTTP/1.1" 304 - "http://localhost:8888/admin/manage/userMge" "Mozilla/5.0 (Windows NT 6.1) AppleWebKit/537.36 (KHTML, like Gecko) Chrome/54.0.2840.99 Safari/537.36"
[2017-01-10 17:16:26.805] [WARN] http - ::1 - - "GET /assets/js/amazeui.datatables.min.js HTTP/1.1" 304 - "http://localhost:8888/admin/manage/userMge" "Mozilla/5.0 (Windows NT 6.1) AppleWebKit/537.36 (KHTML, like Gecko) Chrome/54.0.2840.99 Safari/537.36"
[2017-01-10 17:16:26.815] [WARN] http - ::1 - - "GET /assets/js/dataTables.responsive.min.js HTTP/1.1" 304 - "http://localhost:8888/admin/manage/userMge" "Mozilla/5.0 (Windows NT 6.1) AppleWebKit/537.36 (KHTML, like Gecko) Chrome/54.0.2840.99 Safari/537.36"
[2017-01-10 17:16:26.822] [WARN] http - ::1 - - "GET /assets/js/app.js HTTP/1.1" 304 - "http://localhost:8888/admin/manage/userMge" "Mozilla/5.0 (Windows NT 6.1) AppleWebKit/537.36 (KHTML, like Gecko) Chrome/54.0.2840.99 Safari/537.36"
[2017-01-10 17:16:26.826] [WARN] http - ::1 - - "GET /js/controller.js HTTP/1.1" 304 - "http://localhost:8888/admin/manage/userMge" "Mozilla/5.0 (Windows NT 6.1) AppleWebKit/537.36 (KHTML, like Gecko) Chrome/54.0.2840.99 Safari/537.36"
[2017-01-10 17:16:26.829] [WARN] http - ::1 - - "GET /js/cjs.func.js HTTP/1.1" 304 - "http://localhost:8888/admin/manage/userMge" "Mozilla/5.0 (Windows NT 6.1) AppleWebKit/537.36 (KHTML, like Gecko) Chrome/54.0.2840.99 Safari/537.36"
[2017-01-10 17:16:26.832] [WARN] http - ::1 - - "GET /assets/js/jquery.ztree.core.js HTTP/1.1" 304 - "http://localhost:8888/admin/manage/userMge" "Mozilla/5.0 (Windows NT 6.1) AppleWebKit/537.36 (KHTML, like Gecko) Chrome/54.0.2840.99 Safari/537.36"
[2017-01-10 17:16:26.837] [WARN] http - ::1 - - "GET /assets/js/jquery.ztree.excheck.js HTTP/1.1" 304 - "http://localhost:8888/admin/manage/userMge" "Mozilla/5.0 (Windows NT 6.1) AppleWebKit/537.36 (KHTML, like Gecko) Chrome/54.0.2840.99 Safari/537.36"
[2017-01-10 17:16:26.837] [WARN] http - ::1 - - "GET /assets/img/logo.png HTTP/1.1" 304 - "http://localhost:8888/admin/manage/userMge" "Mozilla/5.0 (Windows NT 6.1) AppleWebKit/537.36 (KHTML, like Gecko) Chrome/54.0.2840.99 Safari/537.36"
[2017-01-10 17:16:26.838] [WARN] http - ::1 - - "GET /assets/img/user04.png HTTP/1.1" 304 - "http://localhost:8888/admin/manage/userMge" "Mozilla/5.0 (Windows NT 6.1) AppleWebKit/537.36 (KHTML, like Gecko) Chrome/54.0.2840.99 Safari/537.36"
[2017-01-10 17:16:26.838] [WARN] http - ::1 - - "GET /assets/img/user02.png HTTP/1.1" 304 - "http://localhost:8888/admin/manage/userMge" "Mozilla/5.0 (Windows NT 6.1) AppleWebKit/537.36 (KHTML, like Gecko) Chrome/54.0.2840.99 Safari/537.36"
[2017-01-10 17:16:26.873] [WARN] http - ::1 - - "GET /assets/fonts/fontawesome-webfont.woff2?v=4.6.3 HTTP/1.1" 304 - "http://localhost:8888/assets/css/amazeui.min.css" "Mozilla/5.0 (Windows NT 6.1) AppleWebKit/537.36 (KHTML, like Gecko) Chrome/54.0.2840.99 Safari/537.36"
[2017-01-10 17:16:26.993] [WARN] http - ::1 - - "GET /admin/manage/sysTemManage_uGroup/findAll HTTP/1.1" 304 - "http://localhost:8888/admin/manage/userMge" "Mozilla/5.0 (Windows NT 6.1) AppleWebKit/537.36 (KHTML, like Gecko) Chrome/54.0.2840.99 Safari/537.36"
[2017-01-10 17:16:26.997] [WARN] http - ::1 - - "GET /admin/manage/getDocumentList/sysTemManage_user?limit=10&currentPage=1&searchKey=undefined&area=undefined HTTP/1.1" 304 - "http://localhost:8888/admin/manage/userMge" "Mozilla/5.0 (Windows NT 6.1) AppleWebKit/537.36 (KHTML, like Gecko) Chrome/54.0.2840.99 Safari/537.36"
[2017-01-10 17:16:38.934] [WARN] http - ::1 - - "GET /admin/manage/userMge HTTP/1.1" 304 - "" "Mozilla/5.0 (Windows NT 6.1) AppleWebKit/537.36 (KHTML, like Gecko) Chrome/54.0.2840.99 Safari/537.36"
[2017-01-10 17:16:38.958] [WARN] http - ::1 - - "GET /assets/css/amazeui.min.css HTTP/1.1" 304 - "http://localhost:8888/admin/manage/userMge" "Mozilla/5.0 (Windows NT 6.1) AppleWebKit/537.36 (KHTML, like Gecko) Chrome/54.0.2840.99 Safari/537.36"
[2017-01-10 17:16:38.960] [WARN] http - ::1 - - "GET /assets/css/amazeui.datatables.min.css HTTP/1.1" 304 - "http://localhost:8888/admin/manage/userMge" "Mozilla/5.0 (Windows NT 6.1) AppleWebKit/537.36 (KHTML, like Gecko) Chrome/54.0.2840.99 Safari/537.36"
[2017-01-10 17:16:38.960] [WARN] http - ::1 - - "GET /assets/css/app.css HTTP/1.1" 304 - "http://localhost:8888/admin/manage/userMge" "Mozilla/5.0 (Windows NT 6.1) AppleWebKit/537.36 (KHTML, like Gecko) Chrome/54.0.2840.99 Safari/537.36"
[2017-01-10 17:16:38.963] [WARN] http - ::1 - - "GET /assets/css/zTreeStyle.css HTTP/1.1" 304 - "http://localhost:8888/admin/manage/userMge" "Mozilla/5.0 (Windows NT 6.1) AppleWebKit/537.36 (KHTML, like Gecko) Chrome/54.0.2840.99 Safari/537.36"
[2017-01-10 17:16:38.971] [WARN] http - ::1 - - "GET /assets/js/jquery.min.js HTTP/1.1" 304 - "http://localhost:8888/admin/manage/userMge" "Mozilla/5.0 (Windows NT 6.1) AppleWebKit/537.36 (KHTML, like Gecko) Chrome/54.0.2840.99 Safari/537.36"
[2017-01-10 17:16:38.971] [WARN] http - ::1 - - "GET /js/angular.min.js HTTP/1.1" 304 - "http://localhost:8888/admin/manage/userMge" "Mozilla/5.0 (Windows NT 6.1) AppleWebKit/537.36 (KHTML, like Gecko) Chrome/54.0.2840.99 Safari/537.36"
[2017-01-10 17:16:38.972] [WARN] http - ::1 - - "GET /assets/js/theme.js HTTP/1.1" 304 - "http://localhost:8888/admin/manage/userMge" "Mozilla/5.0 (Windows NT 6.1) AppleWebKit/537.36 (KHTML, like Gecko) Chrome/54.0.2840.99 Safari/537.36"
[2017-01-10 17:16:39.119] [WARN] http - ::1 - - "GET /assets/img/logo.png HTTP/1.1" 304 - "http://localhost:8888/admin/manage/userMge" "Mozilla/5.0 (Windows NT 6.1) AppleWebKit/537.36 (KHTML, like Gecko) Chrome/54.0.2840.99 Safari/537.36"
[2017-01-10 17:16:39.122] [WARN] http - ::1 - - "GET /assets/js/amazeui.min.js HTTP/1.1" 304 - "http://localhost:8888/admin/manage/userMge" "Mozilla/5.0 (Windows NT 6.1) AppleWebKit/537.36 (KHTML, like Gecko) Chrome/54.0.2840.99 Safari/537.36"
[2017-01-10 17:16:39.125] [WARN] http - ::1 - - "GET /assets/js/amazeui.datatables.min.js HTTP/1.1" 304 - "http://localhost:8888/admin/manage/userMge" "Mozilla/5.0 (Windows NT 6.1) AppleWebKit/537.36 (KHTML, like Gecko) Chrome/54.0.2840.99 Safari/537.36"
[2017-01-10 17:16:39.128] [WARN] http - ::1 - - "GET /assets/js/dataTables.responsive.min.js HTTP/1.1" 304 - "http://localhost:8888/admin/manage/userMge" "Mozilla/5.0 (Windows NT 6.1) AppleWebKit/537.36 (KHTML, like Gecko) Chrome/54.0.2840.99 Safari/537.36"
[2017-01-10 17:16:39.132] [WARN] http - ::1 - - "GET /assets/js/app.js HTTP/1.1" 304 - "http://localhost:8888/admin/manage/userMge" "Mozilla/5.0 (Windows NT 6.1) AppleWebKit/537.36 (KHTML, like Gecko) Chrome/54.0.2840.99 Safari/537.36"
[2017-01-10 17:16:39.134] [WARN] http - ::1 - - "GET /js/controller.js HTTP/1.1" 304 - "http://localhost:8888/admin/manage/userMge" "Mozilla/5.0 (Windows NT 6.1) AppleWebKit/537.36 (KHTML, like Gecko) Chrome/54.0.2840.99 Safari/537.36"
[2017-01-10 17:16:39.137] [WARN] http - ::1 - - "GET /js/cjs.func.js HTTP/1.1" 304 - "http://localhost:8888/admin/manage/userMge" "Mozilla/5.0 (Windows NT 6.1) AppleWebKit/537.36 (KHTML, like Gecko) Chrome/54.0.2840.99 Safari/537.36"
[2017-01-10 17:16:39.140] [WARN] http - ::1 - - "GET /assets/js/jquery.ztree.core.js HTTP/1.1" 304 - "http://localhost:8888/admin/manage/userMge" "Mozilla/5.0 (Windows NT 6.1) AppleWebKit/537.36 (KHTML, like Gecko) Chrome/54.0.2840.99 Safari/537.36"
[2017-01-10 17:16:39.143] [WARN] http - ::1 - - "GET /assets/js/jquery.ztree.excheck.js HTTP/1.1" 304 - "http://localhost:8888/admin/manage/userMge" "Mozilla/5.0 (Windows NT 6.1) AppleWebKit/537.36 (KHTML, like Gecko) Chrome/54.0.2840.99 Safari/537.36"
[2017-01-10 17:16:39.147] [WARN] http - ::1 - - "GET /assets/img/user04.png HTTP/1.1" 304 - "http://localhost:8888/admin/manage/userMge" "Mozilla/5.0 (Windows NT 6.1) AppleWebKit/537.36 (KHTML, like Gecko) Chrome/54.0.2840.99 Safari/537.36"
[2017-01-10 17:16:39.150] [WARN] http - ::1 - - "GET /assets/img/user02.png HTTP/1.1" 304 - "http://localhost:8888/admin/manage/userMge" "Mozilla/5.0 (Windows NT 6.1) AppleWebKit/537.36 (KHTML, like Gecko) Chrome/54.0.2840.99 Safari/537.36"
[2017-01-10 17:16:39.186] [WARN] http - ::1 - - "GET /assets/fonts/fontawesome-webfont.woff2?v=4.6.3 HTTP/1.1" 304 - "http://localhost:8888/assets/css/amazeui.min.css" "Mozilla/5.0 (Windows NT 6.1) AppleWebKit/537.36 (KHTML, like Gecko) Chrome/54.0.2840.99 Safari/537.36"
[2017-01-10 17:16:39.284] [WARN] http - ::1 - - "GET /admin/manage/sysTemManage_uGroup/findAll HTTP/1.1" 304 - "http://localhost:8888/admin/manage/userMge" "Mozilla/5.0 (Windows NT 6.1) AppleWebKit/537.36 (KHTML, like Gecko) Chrome/54.0.2840.99 Safari/537.36"
[2017-01-10 17:16:39.286] [WARN] http - ::1 - - "GET /admin/manage/getDocumentList/sysTemManage_user?limit=10&currentPage=1&searchKey=undefined&area=undefined HTTP/1.1" 304 - "http://localhost:8888/admin/manage/userMge" "Mozilla/5.0 (Windows NT 6.1) AppleWebKit/537.36 (KHTML, like Gecko) Chrome/54.0.2840.99 Safari/537.36"
[2017-01-10 17:18:55.133] [WARN] http - ::1 - - "GET /admin/manage/userMge HTTP/1.1" 304 - "" "Mozilla/5.0 (Windows NT 6.1) AppleWebKit/537.36 (KHTML, like Gecko) Chrome/54.0.2840.99 Safari/537.36"
[2017-01-10 17:18:55.163] [WARN] http - ::1 - - "GET /assets/css/amazeui.min.css HTTP/1.1" 304 - "http://localhost:8888/admin/manage/userMge" "Mozilla/5.0 (Windows NT 6.1) AppleWebKit/537.36 (KHTML, like Gecko) Chrome/54.0.2840.99 Safari/537.36"
[2017-01-10 17:18:55.166] [WARN] http - ::1 - - "GET /assets/css/amazeui.datatables.min.css HTTP/1.1" 304 - "http://localhost:8888/admin/manage/userMge" "Mozilla/5.0 (Windows NT 6.1) AppleWebKit/537.36 (KHTML, like Gecko) Chrome/54.0.2840.99 Safari/537.36"
[2017-01-10 17:18:55.167] [WARN] http - ::1 - - "GET /assets/css/app.css HTTP/1.1" 304 - "http://localhost:8888/admin/manage/userMge" "Mozilla/5.0 (Windows NT 6.1) AppleWebKit/537.36 (KHTML, like Gecko) Chrome/54.0.2840.99 Safari/537.36"
[2017-01-10 17:18:55.167] [WARN] http - ::1 - - "GET /assets/css/zTreeStyle.css HTTP/1.1" 304 - "http://localhost:8888/admin/manage/userMge" "Mozilla/5.0 (Windows NT 6.1) AppleWebKit/537.36 (KHTML, like Gecko) Chrome/54.0.2840.99 Safari/537.36"
[2017-01-10 17:18:55.167] [WARN] http - ::1 - - "GET /assets/js/jquery.min.js HTTP/1.1" 304 - "http://localhost:8888/admin/manage/userMge" "Mozilla/5.0 (Windows NT 6.1) AppleWebKit/537.36 (KHTML, like Gecko) Chrome/54.0.2840.99 Safari/537.36"
[2017-01-10 17:18:55.167] [WARN] http - ::1 - - "GET /js/angular.min.js HTTP/1.1" 304 - "http://localhost:8888/admin/manage/userMge" "Mozilla/5.0 (Windows NT 6.1) AppleWebKit/537.36 (KHTML, like Gecko) Chrome/54.0.2840.99 Safari/537.36"
[2017-01-10 17:18:55.175] [WARN] http - ::1 - - "GET /assets/js/theme.js HTTP/1.1" 304 - "http://localhost:8888/admin/manage/userMge" "Mozilla/5.0 (Windows NT 6.1) AppleWebKit/537.36 (KHTML, like Gecko) Chrome/54.0.2840.99 Safari/537.36"
[2017-01-10 17:18:55.176] [WARN] http - ::1 - - "GET /assets/js/amazeui.min.js HTTP/1.1" 304 - "http://localhost:8888/admin/manage/userMge" "Mozilla/5.0 (Windows NT 6.1) AppleWebKit/537.36 (KHTML, like Gecko) Chrome/54.0.2840.99 Safari/537.36"
[2017-01-10 17:18:55.183] [WARN] http - ::1 - - "GET /assets/js/amazeui.datatables.min.js HTTP/1.1" 304 - "http://localhost:8888/admin/manage/userMge" "Mozilla/5.0 (Windows NT 6.1) AppleWebKit/537.36 (KHTML, like Gecko) Chrome/54.0.2840.99 Safari/537.36"
[2017-01-10 17:18:55.186] [WARN] http - ::1 - - "GET /assets/js/dataTables.responsive.min.js HTTP/1.1" 304 - "http://localhost:8888/admin/manage/userMge" "Mozilla/5.0 (Windows NT 6.1) AppleWebKit/537.36 (KHTML, like Gecko) Chrome/54.0.2840.99 Safari/537.36"
[2017-01-10 17:18:55.192] [WARN] http - ::1 - - "GET /assets/js/app.js HTTP/1.1" 304 - "http://localhost:8888/admin/manage/userMge" "Mozilla/5.0 (Windows NT 6.1) AppleWebKit/537.36 (KHTML, like Gecko) Chrome/54.0.2840.99 Safari/537.36"
[2017-01-10 17:18:55.196] [WARN] http - ::1 - - "GET /js/controller.js HTTP/1.1" 304 - "http://localhost:8888/admin/manage/userMge" "Mozilla/5.0 (Windows NT 6.1) AppleWebKit/537.36 (KHTML, like Gecko) Chrome/54.0.2840.99 Safari/537.36"
[2017-01-10 17:18:55.200] [WARN] http - ::1 - - "GET /js/cjs.func.js HTTP/1.1" 304 - "http://localhost:8888/admin/manage/userMge" "Mozilla/5.0 (Windows NT 6.1) AppleWebKit/537.36 (KHTML, like Gecko) Chrome/54.0.2840.99 Safari/537.36"
[2017-01-10 17:18:55.204] [WARN] http - ::1 - - "GET /assets/js/jquery.ztree.core.js HTTP/1.1" 304 - "http://localhost:8888/admin/manage/userMge" "Mozilla/5.0 (Windows NT 6.1) AppleWebKit/537.36 (KHTML, like Gecko) Chrome/54.0.2840.99 Safari/537.36"
[2017-01-10 17:18:55.208] [WARN] http - ::1 - - "GET /assets/js/jquery.ztree.excheck.js HTTP/1.1" 304 - "http://localhost:8888/admin/manage/userMge" "Mozilla/5.0 (Windows NT 6.1) AppleWebKit/537.36 (KHTML, like Gecko) Chrome/54.0.2840.99 Safari/537.36"
[2017-01-10 17:18:55.212] [WARN] http - ::1 - - "GET /assets/img/logo.png HTTP/1.1" 304 - "http://localhost:8888/admin/manage/userMge" "Mozilla/5.0 (Windows NT 6.1) AppleWebKit/537.36 (KHTML, like Gecko) Chrome/54.0.2840.99 Safari/537.36"
[2017-01-10 17:18:55.216] [WARN] http - ::1 - - "GET /assets/img/user04.png HTTP/1.1" 304 - "http://localhost:8888/admin/manage/userMge" "Mozilla/5.0 (Windows NT 6.1) AppleWebKit/537.36 (KHTML, like Gecko) Chrome/54.0.2840.99 Safari/537.36"
[2017-01-10 17:18:55.220] [WARN] http - ::1 - - "GET /assets/img/user02.png HTTP/1.1" 304 - "http://localhost:8888/admin/manage/userMge" "Mozilla/5.0 (Windows NT 6.1) AppleWebKit/537.36 (KHTML, like Gecko) Chrome/54.0.2840.99 Safari/537.36"
[2017-01-10 17:18:55.562] [WARN] http - ::1 - - "GET /assets/fonts/fontawesome-webfont.woff2?v=4.6.3 HTTP/1.1" 304 - "http://localhost:8888/assets/css/amazeui.min.css" "Mozilla/5.0 (Windows NT 6.1) AppleWebKit/537.36 (KHTML, like Gecko) Chrome/54.0.2840.99 Safari/537.36"
[2017-01-10 17:18:55.750] [WARN] http - ::1 - - "GET /admin/manage/sysTemManage_uGroup/findAll HTTP/1.1" 304 - "http://localhost:8888/admin/manage/userMge" "Mozilla/5.0 (Windows NT 6.1) AppleWebKit/537.36 (KHTML, like Gecko) Chrome/54.0.2840.99 Safari/537.36"
[2017-01-10 17:18:55.751] [WARN] http - ::1 - - "GET /admin/manage/getDocumentList/sysTemManage_user?limit=10&currentPage=1&searchKey=undefined&area=undefined HTTP/1.1" 304 - "http://localhost:8888/admin/manage/userMge" "Mozilla/5.0 (Windows NT 6.1) AppleWebKit/537.36 (KHTML, like Gecko) Chrome/54.0.2840.99 Safari/537.36"
[2017-01-10 17:19:10.042] [WARN] http - ::1 - - "GET /admin/manage/userMge HTTP/1.1" 304 - "" "Mozilla/5.0 (Windows NT 6.1) AppleWebKit/537.36 (KHTML, like Gecko) Chrome/54.0.2840.99 Safari/537.36"
[2017-01-10 17:19:10.073] [WARN] http - ::1 - - "GET /assets/css/amazeui.min.css HTTP/1.1" 304 - "http://localhost:8888/admin/manage/userMge" "Mozilla/5.0 (Windows NT 6.1) AppleWebKit/537.36 (KHTML, like Gecko) Chrome/54.0.2840.99 Safari/537.36"
[2017-01-10 17:19:10.077] [WARN] http - ::1 - - "GET /assets/css/amazeui.datatables.min.css HTTP/1.1" 304 - "http://localhost:8888/admin/manage/userMge" "Mozilla/5.0 (Windows NT 6.1) AppleWebKit/537.36 (KHTML, like Gecko) Chrome/54.0.2840.99 Safari/537.36"
[2017-01-10 17:19:10.077] [WARN] http - ::1 - - "GET /assets/css/app.css HTTP/1.1" 304 - "http://localhost:8888/admin/manage/userMge" "Mozilla/5.0 (Windows NT 6.1) AppleWebKit/537.36 (KHTML, like Gecko) Chrome/54.0.2840.99 Safari/537.36"
[2017-01-10 17:19:10.077] [WARN] http - ::1 - - "GET /assets/css/zTreeStyle.css HTTP/1.1" 304 - "http://localhost:8888/admin/manage/userMge" "Mozilla/5.0 (Windows NT 6.1) AppleWebKit/537.36 (KHTML, like Gecko) Chrome/54.0.2840.99 Safari/537.36"
[2017-01-10 17:19:10.077] [WARN] http - ::1 - - "GET /assets/js/jquery.min.js HTTP/1.1" 304 - "http://localhost:8888/admin/manage/userMge" "Mozilla/5.0 (Windows NT 6.1) AppleWebKit/537.36 (KHTML, like Gecko) Chrome/54.0.2840.99 Safari/537.36"
[2017-01-10 17:19:10.077] [WARN] http - ::1 - - "GET /js/angular.min.js HTTP/1.1" 304 - "http://localhost:8888/admin/manage/userMge" "Mozilla/5.0 (Windows NT 6.1) AppleWebKit/537.36 (KHTML, like Gecko) Chrome/54.0.2840.99 Safari/537.36"
[2017-01-10 17:19:10.082] [WARN] http - ::1 - - "GET /assets/js/theme.js HTTP/1.1" 304 - "http://localhost:8888/admin/manage/userMge" "Mozilla/5.0 (Windows NT 6.1) AppleWebKit/537.36 (KHTML, like Gecko) Chrome/54.0.2840.99 Safari/537.36"
[2017-01-10 17:19:10.083] [WARN] http - ::1 - - "GET /assets/js/amazeui.min.js HTTP/1.1" 304 - "http://localhost:8888/admin/manage/userMge" "Mozilla/5.0 (Windows NT 6.1) AppleWebKit/537.36 (KHTML, like Gecko) Chrome/54.0.2840.99 Safari/537.36"
[2017-01-10 17:19:10.088] [WARN] http - ::1 - - "GET /assets/js/amazeui.datatables.min.js HTTP/1.1" 304 - "http://localhost:8888/admin/manage/userMge" "Mozilla/5.0 (Windows NT 6.1) AppleWebKit/537.36 (KHTML, like Gecko) Chrome/54.0.2840.99 Safari/537.36"
[2017-01-10 17:19:10.090] [WARN] http - ::1 - - "GET /assets/js/dataTables.responsive.min.js HTTP/1.1" 304 - "http://localhost:8888/admin/manage/userMge" "Mozilla/5.0 (Windows NT 6.1) AppleWebKit/537.36 (KHTML, like Gecko) Chrome/54.0.2840.99 Safari/537.36"
[2017-01-10 17:19:10.093] [WARN] http - ::1 - - "GET /assets/js/app.js HTTP/1.1" 304 - "http://localhost:8888/admin/manage/userMge" "Mozilla/5.0 (Windows NT 6.1) AppleWebKit/537.36 (KHTML, like Gecko) Chrome/54.0.2840.99 Safari/537.36"
[2017-01-10 17:19:10.096] [WARN] http - ::1 - - "GET /js/controller.js HTTP/1.1" 304 - "http://localhost:8888/admin/manage/userMge" "Mozilla/5.0 (Windows NT 6.1) AppleWebKit/537.36 (KHTML, like Gecko) Chrome/54.0.2840.99 Safari/537.36"
[2017-01-10 17:19:10.099] [WARN] http - ::1 - - "GET /js/cjs.func.js HTTP/1.1" 304 - "http://localhost:8888/admin/manage/userMge" "Mozilla/5.0 (Windows NT 6.1) AppleWebKit/537.36 (KHTML, like Gecko) Chrome/54.0.2840.99 Safari/537.36"
[2017-01-10 17:19:10.101] [WARN] http - ::1 - - "GET /assets/js/jquery.ztree.core.js HTTP/1.1" 304 - "http://localhost:8888/admin/manage/userMge" "Mozilla/5.0 (Windows NT 6.1) AppleWebKit/537.36 (KHTML, like Gecko) Chrome/54.0.2840.99 Safari/537.36"
[2017-01-10 17:19:10.106] [WARN] http - ::1 - - "GET /assets/js/jquery.ztree.excheck.js HTTP/1.1" 304 - "http://localhost:8888/admin/manage/userMge" "Mozilla/5.0 (Windows NT 6.1) AppleWebKit/537.36 (KHTML, like Gecko) Chrome/54.0.2840.99 Safari/537.36"
[2017-01-10 17:19:10.113] [WARN] http - ::1 - - "GET /assets/img/logo.png HTTP/1.1" 304 - "http://localhost:8888/admin/manage/userMge" "Mozilla/5.0 (Windows NT 6.1) AppleWebKit/537.36 (KHTML, like Gecko) Chrome/54.0.2840.99 Safari/537.36"
[2017-01-10 17:19:10.118] [WARN] http - ::1 - - "GET /assets/img/user04.png HTTP/1.1" 304 - "http://localhost:8888/admin/manage/userMge" "Mozilla/5.0 (Windows NT 6.1) AppleWebKit/537.36 (KHTML, like Gecko) Chrome/54.0.2840.99 Safari/537.36"
[2017-01-10 17:19:10.121] [WARN] http - ::1 - - "GET /assets/img/user02.png HTTP/1.1" 304 - "http://localhost:8888/admin/manage/userMge" "Mozilla/5.0 (Windows NT 6.1) AppleWebKit/537.36 (KHTML, like Gecko) Chrome/54.0.2840.99 Safari/537.36"
[2017-01-10 17:19:10.419] [WARN] http - ::1 - - "GET /assets/fonts/fontawesome-webfont.woff2?v=4.6.3 HTTP/1.1" 304 - "http://localhost:8888/assets/css/amazeui.min.css" "Mozilla/5.0 (Windows NT 6.1) AppleWebKit/537.36 (KHTML, like Gecko) Chrome/54.0.2840.99 Safari/537.36"
[2017-01-10 17:19:10.619] [WARN] http - ::1 - - "GET /admin/manage/sysTemManage_uGroup/findAll HTTP/1.1" 304 - "http://localhost:8888/admin/manage/userMge" "Mozilla/5.0 (Windows NT 6.1) AppleWebKit/537.36 (KHTML, like Gecko) Chrome/54.0.2840.99 Safari/537.36"
[2017-01-10 17:19:10.621] [WARN] http - ::1 - - "GET /admin/manage/getDocumentList/sysTemManage_user?limit=10&currentPage=1&searchKey=undefined&area=undefined HTTP/1.1" 304 - "http://localhost:8888/admin/manage/userMge" "Mozilla/5.0 (Windows NT 6.1) AppleWebKit/537.36 (KHTML, like Gecko) Chrome/54.0.2840.99 Safari/537.36"
[2017-01-10 17:19:25.372] [WARN] http - ::1 - - "GET /admin/manage/userMge HTTP/1.1" 304 - "" "Mozilla/5.0 (Windows NT 6.1) AppleWebKit/537.36 (KHTML, like Gecko) Chrome/54.0.2840.99 Safari/537.36"
[2017-01-10 17:19:25.393] [WARN] http - ::1 - - "GET /assets/css/amazeui.min.css HTTP/1.1" 304 - "http://localhost:8888/admin/manage/userMge" "Mozilla/5.0 (Windows NT 6.1) AppleWebKit/537.36 (KHTML, like Gecko) Chrome/54.0.2840.99 Safari/537.36"
[2017-01-10 17:19:25.393] [WARN] http - ::1 - - "GET /assets/css/amazeui.datatables.min.css HTTP/1.1" 304 - "http://localhost:8888/admin/manage/userMge" "Mozilla/5.0 (Windows NT 6.1) AppleWebKit/537.36 (KHTML, like Gecko) Chrome/54.0.2840.99 Safari/537.36"
[2017-01-10 17:19:25.396] [WARN] http - ::1 - - "GET /assets/css/app.css HTTP/1.1" 304 - "http://localhost:8888/admin/manage/userMge" "Mozilla/5.0 (Windows NT 6.1) AppleWebKit/537.36 (KHTML, like Gecko) Chrome/54.0.2840.99 Safari/537.36"
[2017-01-10 17:19:25.396] [WARN] http - ::1 - - "GET /assets/css/zTreeStyle.css HTTP/1.1" 304 - "http://localhost:8888/admin/manage/userMge" "Mozilla/5.0 (Windows NT 6.1) AppleWebKit/537.36 (KHTML, like Gecko) Chrome/54.0.2840.99 Safari/537.36"
[2017-01-10 17:19:25.396] [WARN] http - ::1 - - "GET /assets/js/jquery.min.js HTTP/1.1" 304 - "http://localhost:8888/admin/manage/userMge" "Mozilla/5.0 (Windows NT 6.1) AppleWebKit/537.36 (KHTML, like Gecko) Chrome/54.0.2840.99 Safari/537.36"
[2017-01-10 17:19:25.397] [WARN] http - ::1 - - "GET /js/angular.min.js HTTP/1.1" 304 - "http://localhost:8888/admin/manage/userMge" "Mozilla/5.0 (Windows NT 6.1) AppleWebKit/537.36 (KHTML, like Gecko) Chrome/54.0.2840.99 Safari/537.36"
[2017-01-10 17:19:25.399] [WARN] http - ::1 - - "GET /assets/js/theme.js HTTP/1.1" 304 - "http://localhost:8888/admin/manage/userMge" "Mozilla/5.0 (Windows NT 6.1) AppleWebKit/537.36 (KHTML, like Gecko) Chrome/54.0.2840.99 Safari/537.36"
[2017-01-10 17:19:25.553] [WARN] http - ::1 - - "GET /assets/js/amazeui.min.js HTTP/1.1" 304 - "http://localhost:8888/admin/manage/userMge" "Mozilla/5.0 (Windows NT 6.1) AppleWebKit/537.36 (KHTML, like Gecko) Chrome/54.0.2840.99 Safari/537.36"
[2017-01-10 17:19:25.556] [WARN] http - ::1 - - "GET /assets/js/amazeui.datatables.min.js HTTP/1.1" 304 - "http://localhost:8888/admin/manage/userMge" "Mozilla/5.0 (Windows NT 6.1) AppleWebKit/537.36 (KHTML, like Gecko) Chrome/54.0.2840.99 Safari/537.36"
[2017-01-10 17:19:25.560] [WARN] http - ::1 - - "GET /assets/js/dataTables.responsive.min.js HTTP/1.1" 304 - "http://localhost:8888/admin/manage/userMge" "Mozilla/5.0 (Windows NT 6.1) AppleWebKit/537.36 (KHTML, like Gecko) Chrome/54.0.2840.99 Safari/537.36"
[2017-01-10 17:19:25.562] [WARN] http - ::1 - - "GET /assets/js/app.js HTTP/1.1" 304 - "http://localhost:8888/admin/manage/userMge" "Mozilla/5.0 (Windows NT 6.1) AppleWebKit/537.36 (KHTML, like Gecko) Chrome/54.0.2840.99 Safari/537.36"
[2017-01-10 17:19:25.566] [WARN] http - ::1 - - "GET /js/controller.js HTTP/1.1" 304 - "http://localhost:8888/admin/manage/userMge" "Mozilla/5.0 (Windows NT 6.1) AppleWebKit/537.36 (KHTML, like Gecko) Chrome/54.0.2840.99 Safari/537.36"
[2017-01-10 17:19:25.569] [WARN] http - ::1 - - "GET /js/cjs.func.js HTTP/1.1" 304 - "http://localhost:8888/admin/manage/userMge" "Mozilla/5.0 (Windows NT 6.1) AppleWebKit/537.36 (KHTML, like Gecko) Chrome/54.0.2840.99 Safari/537.36"
[2017-01-10 17:19:25.571] [WARN] http - ::1 - - "GET /assets/js/jquery.ztree.core.js HTTP/1.1" 304 - "http://localhost:8888/admin/manage/userMge" "Mozilla/5.0 (Windows NT 6.1) AppleWebKit/537.36 (KHTML, like Gecko) Chrome/54.0.2840.99 Safari/537.36"
[2017-01-10 17:19:25.574] [WARN] http - ::1 - - "GET /assets/js/jquery.ztree.excheck.js HTTP/1.1" 304 - "http://localhost:8888/admin/manage/userMge" "Mozilla/5.0 (Windows NT 6.1) AppleWebKit/537.36 (KHTML, like Gecko) Chrome/54.0.2840.99 Safari/537.36"
[2017-01-10 17:19:25.576] [WARN] http - ::1 - - "GET /assets/img/logo.png HTTP/1.1" 304 - "http://localhost:8888/admin/manage/userMge" "Mozilla/5.0 (Windows NT 6.1) AppleWebKit/537.36 (KHTML, like Gecko) Chrome/54.0.2840.99 Safari/537.36"
[2017-01-10 17:19:25.581] [WARN] http - ::1 - - "GET /assets/img/user04.png HTTP/1.1" 304 - "http://localhost:8888/admin/manage/userMge" "Mozilla/5.0 (Windows NT 6.1) AppleWebKit/537.36 (KHTML, like Gecko) Chrome/54.0.2840.99 Safari/537.36"
[2017-01-10 17:19:25.582] [WARN] http - ::1 - - "GET /assets/img/user02.png HTTP/1.1" 304 - "http://localhost:8888/admin/manage/userMge" "Mozilla/5.0 (Windows NT 6.1) AppleWebKit/537.36 (KHTML, like Gecko) Chrome/54.0.2840.99 Safari/537.36"
[2017-01-10 17:19:25.619] [WARN] http - ::1 - - "GET /assets/fonts/fontawesome-webfont.woff2?v=4.6.3 HTTP/1.1" 304 - "http://localhost:8888/assets/css/amazeui.min.css" "Mozilla/5.0 (Windows NT 6.1) AppleWebKit/537.36 (KHTML, like Gecko) Chrome/54.0.2840.99 Safari/537.36"
[2017-01-10 17:19:25.720] [WARN] http - ::1 - - "GET /admin/manage/sysTemManage_uGroup/findAll HTTP/1.1" 304 - "http://localhost:8888/admin/manage/userMge" "Mozilla/5.0 (Windows NT 6.1) AppleWebKit/537.36 (KHTML, like Gecko) Chrome/54.0.2840.99 Safari/537.36"
[2017-01-10 17:19:25.725] [WARN] http - ::1 - - "GET /admin/manage/getDocumentList/sysTemManage_user?limit=10&currentPage=1&searchKey=undefined&area=undefined HTTP/1.1" 304 - "http://localhost:8888/admin/manage/userMge" "Mozilla/5.0 (Windows NT 6.1) AppleWebKit/537.36 (KHTML, like Gecko) Chrome/54.0.2840.99 Safari/537.36"
[2017-01-10 17:22:04.259] [WARN] http - ::1 - - "GET /admin/manage/userMge HTTP/1.1" 304 - "" "Mozilla/5.0 (Windows NT 6.1) AppleWebKit/537.36 (KHTML, like Gecko) Chrome/54.0.2840.99 Safari/537.36"
[2017-01-10 17:22:04.285] [WARN] http - ::1 - - "GET /assets/css/amazeui.min.css HTTP/1.1" 304 - "http://localhost:8888/admin/manage/userMge" "Mozilla/5.0 (Windows NT 6.1) AppleWebKit/537.36 (KHTML, like Gecko) Chrome/54.0.2840.99 Safari/537.36"
[2017-01-10 17:22:04.287] [WARN] http - ::1 - - "GET /assets/css/amazeui.datatables.min.css HTTP/1.1" 304 - "http://localhost:8888/admin/manage/userMge" "Mozilla/5.0 (Windows NT 6.1) AppleWebKit/537.36 (KHTML, like Gecko) Chrome/54.0.2840.99 Safari/537.36"
[2017-01-10 17:22:04.289] [WARN] http - ::1 - - "GET /assets/css/app.css HTTP/1.1" 304 - "http://localhost:8888/admin/manage/userMge" "Mozilla/5.0 (Windows NT 6.1) AppleWebKit/537.36 (KHTML, like Gecko) Chrome/54.0.2840.99 Safari/537.36"
[2017-01-10 17:22:04.290] [WARN] http - ::1 - - "GET /assets/css/zTreeStyle.css HTTP/1.1" 304 - "http://localhost:8888/admin/manage/userMge" "Mozilla/5.0 (Windows NT 6.1) AppleWebKit/537.36 (KHTML, like Gecko) Chrome/54.0.2840.99 Safari/537.36"
[2017-01-10 17:22:04.291] [WARN] http - ::1 - - "GET /assets/js/jquery.min.js HTTP/1.1" 304 - "http://localhost:8888/admin/manage/userMge" "Mozilla/5.0 (Windows NT 6.1) AppleWebKit/537.36 (KHTML, like Gecko) Chrome/54.0.2840.99 Safari/537.36"
[2017-01-10 17:22:04.293] [WARN] http - ::1 - - "GET /js/angular.min.js HTTP/1.1" 304 - "http://localhost:8888/admin/manage/userMge" "Mozilla/5.0 (Windows NT 6.1) AppleWebKit/537.36 (KHTML, like Gecko) Chrome/54.0.2840.99 Safari/537.36"
[2017-01-10 17:22:04.294] [WARN] http - ::1 - - "GET /assets/js/theme.js HTTP/1.1" 304 - "http://localhost:8888/admin/manage/userMge" "Mozilla/5.0 (Windows NT 6.1) AppleWebKit/537.36 (KHTML, like Gecko) Chrome/54.0.2840.99 Safari/537.36"
[2017-01-10 17:22:04.296] [WARN] http - ::1 - - "GET /assets/js/amazeui.min.js HTTP/1.1" 304 - "http://localhost:8888/admin/manage/userMge" "Mozilla/5.0 (Windows NT 6.1) AppleWebKit/537.36 (KHTML, like Gecko) Chrome/54.0.2840.99 Safari/537.36"
[2017-01-10 17:22:04.300] [WARN] http - ::1 - - "GET /assets/js/amazeui.datatables.min.js HTTP/1.1" 304 - "http://localhost:8888/admin/manage/userMge" "Mozilla/5.0 (Windows NT 6.1) AppleWebKit/537.36 (KHTML, like Gecko) Chrome/54.0.2840.99 Safari/537.36"
[2017-01-10 17:22:04.304] [WARN] http - ::1 - - "GET /assets/js/dataTables.responsive.min.js HTTP/1.1" 304 - "http://localhost:8888/admin/manage/userMge" "Mozilla/5.0 (Windows NT 6.1) AppleWebKit/537.36 (KHTML, like Gecko) Chrome/54.0.2840.99 Safari/537.36"
[2017-01-10 17:22:04.308] [WARN] http - ::1 - - "GET /assets/js/app.js HTTP/1.1" 304 - "http://localhost:8888/admin/manage/userMge" "Mozilla/5.0 (Windows NT 6.1) AppleWebKit/537.36 (KHTML, like Gecko) Chrome/54.0.2840.99 Safari/537.36"
[2017-01-10 17:22:04.311] [WARN] http - ::1 - - "GET /js/controller.js HTTP/1.1" 304 - "http://localhost:8888/admin/manage/userMge" "Mozilla/5.0 (Windows NT 6.1) AppleWebKit/537.36 (KHTML, like Gecko) Chrome/54.0.2840.99 Safari/537.36"
[2017-01-10 17:22:04.318] [WARN] http - ::1 - - "GET /js/cjs.func.js HTTP/1.1" 304 - "http://localhost:8888/admin/manage/userMge" "Mozilla/5.0 (Windows NT 6.1) AppleWebKit/537.36 (KHTML, like Gecko) Chrome/54.0.2840.99 Safari/537.36"
[2017-01-10 17:22:04.322] [WARN] http - ::1 - - "GET /assets/js/jquery.ztree.core.js HTTP/1.1" 304 - "http://localhost:8888/admin/manage/userMge" "Mozilla/5.0 (Windows NT 6.1) AppleWebKit/537.36 (KHTML, like Gecko) Chrome/54.0.2840.99 Safari/537.36"
[2017-01-10 17:22:04.325] [WARN] http - ::1 - - "GET /assets/js/jquery.ztree.excheck.js HTTP/1.1" 304 - "http://localhost:8888/admin/manage/userMge" "Mozilla/5.0 (Windows NT 6.1) AppleWebKit/537.36 (KHTML, like Gecko) Chrome/54.0.2840.99 Safari/537.36"
[2017-01-10 17:22:04.327] [WARN] http - ::1 - - "GET /assets/img/logo.png HTTP/1.1" 304 - "http://localhost:8888/admin/manage/userMge" "Mozilla/5.0 (Windows NT 6.1) AppleWebKit/537.36 (KHTML, like Gecko) Chrome/54.0.2840.99 Safari/537.36"
[2017-01-10 17:22:04.330] [WARN] http - ::1 - - "GET /assets/img/user04.png HTTP/1.1" 304 - "http://localhost:8888/admin/manage/userMge" "Mozilla/5.0 (Windows NT 6.1) AppleWebKit/537.36 (KHTML, like Gecko) Chrome/54.0.2840.99 Safari/537.36"
[2017-01-10 17:22:04.333] [WARN] http - ::1 - - "GET /assets/img/user02.png HTTP/1.1" 304 - "http://localhost:8888/admin/manage/userMge" "Mozilla/5.0 (Windows NT 6.1) AppleWebKit/537.36 (KHTML, like Gecko) Chrome/54.0.2840.99 Safari/537.36"
[2017-01-10 17:22:04.634] [WARN] http - ::1 - - "GET /assets/fonts/fontawesome-webfont.woff2?v=4.6.3 HTTP/1.1" 304 - "http://localhost:8888/assets/css/amazeui.min.css" "Mozilla/5.0 (Windows NT 6.1) AppleWebKit/537.36 (KHTML, like Gecko) Chrome/54.0.2840.99 Safari/537.36"
[2017-01-10 17:22:04.822] [WARN] http - ::1 - - "GET /admin/manage/sysTemManage_uGroup/findAll HTTP/1.1" 304 - "http://localhost:8888/admin/manage/userMge" "Mozilla/5.0 (Windows NT 6.1) AppleWebKit/537.36 (KHTML, like Gecko) Chrome/54.0.2840.99 Safari/537.36"
[2017-01-10 17:22:04.824] [WARN] http - ::1 - - "GET /admin/manage/getDocumentList/sysTemManage_user?limit=10&currentPage=1&searchKey=undefined&area=undefined HTTP/1.1" 304 - "http://localhost:8888/admin/manage/userMge" "Mozilla/5.0 (Windows NT 6.1) AppleWebKit/537.36 (KHTML, like Gecko) Chrome/54.0.2840.99 Safari/537.36"
[2017-01-10 17:22:45.503] [WARN] http - ::1 - - "GET /admin/manage/userMge HTTP/1.1" 304 - "" "Mozilla/5.0 (Windows NT 6.1) AppleWebKit/537.36 (KHTML, like Gecko) Chrome/54.0.2840.99 Safari/537.36"
[2017-01-10 17:22:45.530] [WARN] http - ::1 - - "GET /assets/css/amazeui.min.css HTTP/1.1" 304 - "http://localhost:8888/admin/manage/userMge" "Mozilla/5.0 (Windows NT 6.1) AppleWebKit/537.36 (KHTML, like Gecko) Chrome/54.0.2840.99 Safari/537.36"
[2017-01-10 17:22:45.531] [WARN] http - ::1 - - "GET /assets/css/amazeui.datatables.min.css HTTP/1.1" 304 - "http://localhost:8888/admin/manage/userMge" "Mozilla/5.0 (Windows NT 6.1) AppleWebKit/537.36 (KHTML, like Gecko) Chrome/54.0.2840.99 Safari/537.36"
[2017-01-10 17:22:45.531] [WARN] http - ::1 - - "GET /assets/css/app.css HTTP/1.1" 304 - "http://localhost:8888/admin/manage/userMge" "Mozilla/5.0 (Windows NT 6.1) AppleWebKit/537.36 (KHTML, like Gecko) Chrome/54.0.2840.99 Safari/537.36"
[2017-01-10 17:22:45.531] [WARN] http - ::1 - - "GET /assets/css/zTreeStyle.css HTTP/1.1" 304 - "http://localhost:8888/admin/manage/userMge" "Mozilla/5.0 (Windows NT 6.1) AppleWebKit/537.36 (KHTML, like Gecko) Chrome/54.0.2840.99 Safari/537.36"
[2017-01-10 17:22:45.531] [WARN] http - ::1 - - "GET /assets/js/jquery.min.js HTTP/1.1" 304 - "http://localhost:8888/admin/manage/userMge" "Mozilla/5.0 (Windows NT 6.1) AppleWebKit/537.36 (KHTML, like Gecko) Chrome/54.0.2840.99 Safari/537.36"
[2017-01-10 17:22:45.532] [WARN] http - ::1 - - "GET /js/angular.min.js HTTP/1.1" 304 - "http://localhost:8888/admin/manage/userMge" "Mozilla/5.0 (Windows NT 6.1) AppleWebKit/537.36 (KHTML, like Gecko) Chrome/54.0.2840.99 Safari/537.36"
[2017-01-10 17:22:45.539] [WARN] http - ::1 - - "GET /assets/js/theme.js HTTP/1.1" 304 - "http://localhost:8888/admin/manage/userMge" "Mozilla/5.0 (Windows NT 6.1) AppleWebKit/537.36 (KHTML, like Gecko) Chrome/54.0.2840.99 Safari/537.36"
[2017-01-10 17:22:45.541] [WARN] http - ::1 - - "GET /assets/js/amazeui.min.js HTTP/1.1" 304 - "http://localhost:8888/admin/manage/userMge" "Mozilla/5.0 (Windows NT 6.1) AppleWebKit/537.36 (KHTML, like Gecko) Chrome/54.0.2840.99 Safari/537.36"
[2017-01-10 17:22:45.544] [WARN] http - ::1 - - "GET /assets/js/amazeui.datatables.min.js HTTP/1.1" 304 - "http://localhost:8888/admin/manage/userMge" "Mozilla/5.0 (Windows NT 6.1) AppleWebKit/537.36 (KHTML, like Gecko) Chrome/54.0.2840.99 Safari/537.36"
[2017-01-10 17:22:45.548] [WARN] http - ::1 - - "GET /assets/js/dataTables.responsive.min.js HTTP/1.1" 304 - "http://localhost:8888/admin/manage/userMge" "Mozilla/5.0 (Windows NT 6.1) AppleWebKit/537.36 (KHTML, like Gecko) Chrome/54.0.2840.99 Safari/537.36"
[2017-01-10 17:22:45.552] [WARN] http - ::1 - - "GET /assets/js/app.js HTTP/1.1" 304 - "http://localhost:8888/admin/manage/userMge" "Mozilla/5.0 (Windows NT 6.1) AppleWebKit/537.36 (KHTML, like Gecko) Chrome/54.0.2840.99 Safari/537.36"
[2017-01-10 17:22:45.557] [WARN] http - ::1 - - "GET /js/controller.js HTTP/1.1" 304 - "http://localhost:8888/admin/manage/userMge" "Mozilla/5.0 (Windows NT 6.1) AppleWebKit/537.36 (KHTML, like Gecko) Chrome/54.0.2840.99 Safari/537.36"
[2017-01-10 17:22:45.559] [WARN] http - ::1 - - "GET /js/cjs.func.js HTTP/1.1" 304 - "http://localhost:8888/admin/manage/userMge" "Mozilla/5.0 (Windows NT 6.1) AppleWebKit/537.36 (KHTML, like Gecko) Chrome/54.0.2840.99 Safari/537.36"
[2017-01-10 17:22:45.562] [WARN] http - ::1 - - "GET /assets/js/jquery.ztree.core.js HTTP/1.1" 304 - "http://localhost:8888/admin/manage/userMge" "Mozilla/5.0 (Windows NT 6.1) AppleWebKit/537.36 (KHTML, like Gecko) Chrome/54.0.2840.99 Safari/537.36"
[2017-01-10 17:22:45.565] [WARN] http - ::1 - - "GET /assets/js/jquery.ztree.excheck.js HTTP/1.1" 304 - "http://localhost:8888/admin/manage/userMge" "Mozilla/5.0 (Windows NT 6.1) AppleWebKit/537.36 (KHTML, like Gecko) Chrome/54.0.2840.99 Safari/537.36"
[2017-01-10 17:22:45.568] [WARN] http - ::1 - - "GET /assets/img/logo.png HTTP/1.1" 304 - "http://localhost:8888/admin/manage/userMge" "Mozilla/5.0 (Windows NT 6.1) AppleWebKit/537.36 (KHTML, like Gecko) Chrome/54.0.2840.99 Safari/537.36"
[2017-01-10 17:22:45.571] [WARN] http - ::1 - - "GET /assets/img/user04.png HTTP/1.1" 304 - "http://localhost:8888/admin/manage/userMge" "Mozilla/5.0 (Windows NT 6.1) AppleWebKit/537.36 (KHTML, like Gecko) Chrome/54.0.2840.99 Safari/537.36"
[2017-01-10 17:22:45.574] [WARN] http - ::1 - - "GET /assets/img/user02.png HTTP/1.1" 304 - "http://localhost:8888/admin/manage/userMge" "Mozilla/5.0 (Windows NT 6.1) AppleWebKit/537.36 (KHTML, like Gecko) Chrome/54.0.2840.99 Safari/537.36"
[2017-01-10 17:22:45.874] [WARN] http - ::1 - - "GET /assets/fonts/fontawesome-webfont.woff2?v=4.6.3 HTTP/1.1" 304 - "http://localhost:8888/assets/css/amazeui.min.css" "Mozilla/5.0 (Windows NT 6.1) AppleWebKit/537.36 (KHTML, like Gecko) Chrome/54.0.2840.99 Safari/537.36"
[2017-01-10 17:22:46.072] [WARN] http - ::1 - - "GET /admin/manage/sysTemManage_uGroup/findAll HTTP/1.1" 304 - "http://localhost:8888/admin/manage/userMge" "Mozilla/5.0 (Windows NT 6.1) AppleWebKit/537.36 (KHTML, like Gecko) Chrome/54.0.2840.99 Safari/537.36"
[2017-01-10 17:22:46.073] [WARN] http - ::1 - - "GET /admin/manage/getDocumentList/sysTemManage_user?limit=10&currentPage=1&searchKey=undefined&area=undefined HTTP/1.1" 304 - "http://localhost:8888/admin/manage/userMge" "Mozilla/5.0 (Windows NT 6.1) AppleWebKit/537.36 (KHTML, like Gecko) Chrome/54.0.2840.99 Safari/537.36"
[2017-01-10 17:23:04.579] [WARN] http - ::1 - - "GET /admin/logout HTTP/1.1" 302 56 "http://localhost:8888/admin/manage/userMge" "Mozilla/5.0 (Windows NT 6.1) AppleWebKit/537.36 (KHTML, like Gecko) Chrome/54.0.2840.99 Safari/537.36"
[2017-01-10 17:23:04.585] [WARN] http - ::1 - - "GET /admin HTTP/1.1" 302 68 "http://localhost:8888/admin/manage/userMge" "Mozilla/5.0 (Windows NT 6.1) AppleWebKit/537.36 (KHTML, like Gecko) Chrome/54.0.2840.99 Safari/537.36"
[2017-01-10 17:23:04.596] [WARN] http - ::1 - - "GET /admin/login HTTP/1.1" 304 - "http://localhost:8888/admin/manage/userMge" "Mozilla/5.0 (Windows NT 6.1) AppleWebKit/537.36 (KHTML, like Gecko) Chrome/54.0.2840.99 Safari/537.36"
[2017-01-10 17:23:04.626] [WARN] http - ::1 - - "GET /assets/css/amazeui.min.css HTTP/1.1" 304 - "http://localhost:8888/admin/login" "Mozilla/5.0 (Windows NT 6.1) AppleWebKit/537.36 (KHTML, like Gecko) Chrome/54.0.2840.99 Safari/537.36"
[2017-01-10 17:23:04.626] [WARN] http - ::1 - - "GET /assets/css/amazeui.datatables.min.css HTTP/1.1" 304 - "http://localhost:8888/admin/login" "Mozilla/5.0 (Windows NT 6.1) AppleWebKit/537.36 (KHTML, like Gecko) Chrome/54.0.2840.99 Safari/537.36"
[2017-01-10 17:23:04.629] [WARN] http - ::1 - - "GET /assets/css/app.css HTTP/1.1" 304 - "http://localhost:8888/admin/login" "Mozilla/5.0 (Windows NT 6.1) AppleWebKit/537.36 (KHTML, like Gecko) Chrome/54.0.2840.99 Safari/537.36"
[2017-01-10 17:23:04.629] [WARN] http - ::1 - - "GET /assets/js/jquery.min.js HTTP/1.1" 304 - "http://localhost:8888/admin/login" "Mozilla/5.0 (Windows NT 6.1) AppleWebKit/537.36 (KHTML, like Gecko) Chrome/54.0.2840.99 Safari/537.36"
[2017-01-10 17:23:04.629] [WARN] http - ::1 - - "GET /js/angular.min.js HTTP/1.1" 304 - "http://localhost:8888/admin/login" "Mozilla/5.0 (Windows NT 6.1) AppleWebKit/537.36 (KHTML, like Gecko) Chrome/54.0.2840.99 Safari/537.36"
[2017-01-10 17:23:04.630] [WARN] http - ::1 - - "GET /assets/js/theme.js HTTP/1.1" 304 - "http://localhost:8888/admin/login" "Mozilla/5.0 (Windows NT 6.1) AppleWebKit/537.36 (KHTML, like Gecko) Chrome/54.0.2840.99 Safari/537.36"
[2017-01-10 17:23:04.633] [WARN] http - ::1 - - "GET /assets/js/amazeui.min.js HTTP/1.1" 304 - "http://localhost:8888/admin/login" "Mozilla/5.0 (Windows NT 6.1) AppleWebKit/537.36 (KHTML, like Gecko) Chrome/54.0.2840.99 Safari/537.36"
[2017-01-10 17:23:04.633] [WARN] http - ::1 - - "GET /assets/js/app.js HTTP/1.1" 304 - "http://localhost:8888/admin/login" "Mozilla/5.0 (Windows NT 6.1) AppleWebKit/537.36 (KHTML, like Gecko) Chrome/54.0.2840.99 Safari/537.36"
[2017-01-10 17:23:04.996] [WARN] http - ::1 - - "GET /assets/fonts/fontawesome-webfont.woff2?v=4.6.3 HTTP/1.1" 304 - "http://localhost:8888/assets/css/amazeui.min.css" "Mozilla/5.0 (Windows NT 6.1) AppleWebKit/537.36 (KHTML, like Gecko) Chrome/54.0.2840.99 Safari/537.36"
[2017-01-10 17:23:04.996] [WARN] http - ::1 - - "GET /assets/img/logoa.png HTTP/1.1" 304 - "http://localhost:8888/assets/css/app.css" "Mozilla/5.0 (Windows NT 6.1) AppleWebKit/537.36 (KHTML, like Gecko) Chrome/54.0.2840.99 Safari/537.36"
[2017-01-10 17:23:14.474] [INFO] http - ::1 - - "POST /admin/doLogin HTTP/1.1" 200 - "http://localhost:8888/admin/login" "Mozilla/5.0 (Windows NT 6.1) AppleWebKit/537.36 (KHTML, like Gecko) Chrome/54.0.2840.99 Safari/537.36"
[2017-01-10 17:23:14.493] [WARN] http - ::1 - - "GET /admin/manage HTTP/1.1" 304 - "http://localhost:8888/admin/login" "Mozilla/5.0 (Windows NT 6.1) AppleWebKit/537.36 (KHTML, like Gecko) Chrome/54.0.2840.99 Safari/537.36"
[2017-01-10 17:23:14.526] [WARN] http - ::1 - - "GET /assets/css/amazeui.min.css HTTP/1.1" 304 - "http://localhost:8888/admin/manage" "Mozilla/5.0 (Windows NT 6.1) AppleWebKit/537.36 (KHTML, like Gecko) Chrome/54.0.2840.99 Safari/537.36"
[2017-01-10 17:23:14.527] [WARN] http - ::1 - - "GET /assets/css/amazeui.datatables.min.css HTTP/1.1" 304 - "http://localhost:8888/admin/manage" "Mozilla/5.0 (Windows NT 6.1) AppleWebKit/537.36 (KHTML, like Gecko) Chrome/54.0.2840.99 Safari/537.36"
[2017-01-10 17:23:14.527] [WARN] http - ::1 - - "GET /assets/css/app.css HTTP/1.1" 304 - "http://localhost:8888/admin/manage" "Mozilla/5.0 (Windows NT 6.1) AppleWebKit/537.36 (KHTML, like Gecko) Chrome/54.0.2840.99 Safari/537.36"
[2017-01-10 17:23:14.527] [WARN] http - ::1 - - "GET /assets/css/zTreeStyle.css HTTP/1.1" 304 - "http://localhost:8888/admin/manage" "Mozilla/5.0 (Windows NT 6.1) AppleWebKit/537.36 (KHTML, like Gecko) Chrome/54.0.2840.99 Safari/537.36"
[2017-01-10 17:23:14.527] [WARN] http - ::1 - - "GET /assets/js/jquery.min.js HTTP/1.1" 304 - "http://localhost:8888/admin/manage" "Mozilla/5.0 (Windows NT 6.1) AppleWebKit/537.36 (KHTML, like Gecko) Chrome/54.0.2840.99 Safari/537.36"
[2017-01-10 17:23:14.529] [WARN] http - ::1 - - "GET /js/angular.min.js HTTP/1.1" 304 - "http://localhost:8888/admin/manage" "Mozilla/5.0 (Windows NT 6.1) AppleWebKit/537.36 (KHTML, like Gecko) Chrome/54.0.2840.99 Safari/537.36"
[2017-01-10 17:23:14.532] [WARN] http - ::1 - - "GET /assets/js/theme.js HTTP/1.1" 304 - "http://localhost:8888/admin/manage" "Mozilla/5.0 (Windows NT 6.1) AppleWebKit/537.36 (KHTML, like Gecko) Chrome/54.0.2840.99 Safari/537.36"
[2017-01-10 17:23:14.534] [WARN] http - ::1 - - "GET /assets/js/amazeui.min.js HTTP/1.1" 304 - "http://localhost:8888/admin/manage" "Mozilla/5.0 (Windows NT 6.1) AppleWebKit/537.36 (KHTML, like Gecko) Chrome/54.0.2840.99 Safari/537.36"
[2017-01-10 17:23:14.537] [WARN] http - ::1 - - "GET /assets/js/amazeui.datatables.min.js HTTP/1.1" 304 - "http://localhost:8888/admin/manage" "Mozilla/5.0 (Windows NT 6.1) AppleWebKit/537.36 (KHTML, like Gecko) Chrome/54.0.2840.99 Safari/537.36"
[2017-01-10 17:23:14.540] [WARN] http - ::1 - - "GET /assets/js/dataTables.responsive.min.js HTTP/1.1" 304 - "http://localhost:8888/admin/manage" "Mozilla/5.0 (Windows NT 6.1) AppleWebKit/537.36 (KHTML, like Gecko) Chrome/54.0.2840.99 Safari/537.36"
[2017-01-10 17:23:14.544] [WARN] http - ::1 - - "GET /assets/js/app.js HTTP/1.1" 304 - "http://localhost:8888/admin/manage" "Mozilla/5.0 (Windows NT 6.1) AppleWebKit/537.36 (KHTML, like Gecko) Chrome/54.0.2840.99 Safari/537.36"
[2017-01-10 17:23:14.548] [WARN] http - ::1 - - "GET /js/controller.js HTTP/1.1" 304 - "http://localhost:8888/admin/manage" "Mozilla/5.0 (Windows NT 6.1) AppleWebKit/537.36 (KHTML, like Gecko) Chrome/54.0.2840.99 Safari/537.36"
[2017-01-10 17:23:14.551] [WARN] http - ::1 - - "GET /js/cjs.func.js HTTP/1.1" 304 - "http://localhost:8888/admin/manage" "Mozilla/5.0 (Windows NT 6.1) AppleWebKit/537.36 (KHTML, like Gecko) Chrome/54.0.2840.99 Safari/537.36"
[2017-01-10 17:23:14.554] [WARN] http - ::1 - - "GET /assets/js/jquery.ztree.core.js HTTP/1.1" 304 - "http://localhost:8888/admin/manage" "Mozilla/5.0 (Windows NT 6.1) AppleWebKit/537.36 (KHTML, like Gecko) Chrome/54.0.2840.99 Safari/537.36"
[2017-01-10 17:23:14.557] [WARN] http - ::1 - - "GET /assets/js/jquery.ztree.excheck.js HTTP/1.1" 304 - "http://localhost:8888/admin/manage" "Mozilla/5.0 (Windows NT 6.1) AppleWebKit/537.36 (KHTML, like Gecko) Chrome/54.0.2840.99 Safari/537.36"
[2017-01-10 17:23:14.559] [WARN] http - ::1 - - "GET /assets/img/logo.png HTTP/1.1" 304 - "http://localhost:8888/admin/manage" "Mozilla/5.0 (Windows NT 6.1) AppleWebKit/537.36 (KHTML, like Gecko) Chrome/54.0.2840.99 Safari/537.36"
[2017-01-10 17:23:14.562] [WARN] http - ::1 - - "GET /assets/img/user04.png HTTP/1.1" 304 - "http://localhost:8888/admin/manage" "Mozilla/5.0 (Windows NT 6.1) AppleWebKit/537.36 (KHTML, like Gecko) Chrome/54.0.2840.99 Safari/537.36"
[2017-01-10 17:23:14.565] [WARN] http - ::1 - - "GET /assets/img/user02.png HTTP/1.1" 304 - "http://localhost:8888/admin/manage" "Mozilla/5.0 (Windows NT 6.1) AppleWebKit/537.36 (KHTML, like Gecko) Chrome/54.0.2840.99 Safari/537.36"
[2017-01-10 17:23:14.567] [WARN] http - ::1 - - "GET /assets/img/user07.png HTTP/1.1" 304 - "http://localhost:8888/admin/manage" "Mozilla/5.0 (Windows NT 6.1) AppleWebKit/537.36 (KHTML, like Gecko) Chrome/54.0.2840.99 Safari/537.36"
[2017-01-10 17:23:14.733] [WARN] http - ::1 - - "GET /assets/fonts/fontawesome-webfont.woff2?v=4.6.3 HTTP/1.1" 304 - "http://localhost:8888/assets/css/amazeui.min.css" "Mozilla/5.0 (Windows NT 6.1) AppleWebKit/537.36 (KHTML, like Gecko) Chrome/54.0.2840.99 Safari/537.36"
[2017-01-10 17:24:08.349] [WARN] http - ::1 - - "GET /admin/manage HTTP/1.1" 304 - "" "Mozilla/5.0 (Windows NT 6.1) AppleWebKit/537.36 (KHTML, like Gecko) Chrome/54.0.2840.99 Safari/537.36"
[2017-01-10 17:24:08.377] [WARN] http - ::1 - - "GET /assets/css/amazeui.min.css HTTP/1.1" 304 - "http://localhost:8888/admin/manage" "Mozilla/5.0 (Windows NT 6.1) AppleWebKit/537.36 (KHTML, like Gecko) Chrome/54.0.2840.99 Safari/537.36"
[2017-01-10 17:24:08.377] [WARN] http - ::1 - - "GET /assets/css/amazeui.datatables.min.css HTTP/1.1" 304 - "http://localhost:8888/admin/manage" "Mozilla/5.0 (Windows NT 6.1) AppleWebKit/537.36 (KHTML, like Gecko) Chrome/54.0.2840.99 Safari/537.36"
[2017-01-10 17:24:08.377] [WARN] http - ::1 - - "GET /assets/css/app.css HTTP/1.1" 304 - "http://localhost:8888/admin/manage" "Mozilla/5.0 (Windows NT 6.1) AppleWebKit/537.36 (KHTML, like Gecko) Chrome/54.0.2840.99 Safari/537.36"
[2017-01-10 17:24:08.377] [WARN] http - ::1 - - "GET /assets/css/zTreeStyle.css HTTP/1.1" 304 - "http://localhost:8888/admin/manage" "Mozilla/5.0 (Windows NT 6.1) AppleWebKit/537.36 (KHTML, like Gecko) Chrome/54.0.2840.99 Safari/537.36"
[2017-01-10 17:24:08.377] [WARN] http - ::1 - - "GET /assets/js/jquery.min.js HTTP/1.1" 304 - "http://localhost:8888/admin/manage" "Mozilla/5.0 (Windows NT 6.1) AppleWebKit/537.36 (KHTML, like Gecko) Chrome/54.0.2840.99 Safari/537.36"
[2017-01-10 17:24:08.377] [WARN] http - ::1 - - "GET /js/angular.min.js HTTP/1.1" 304 - "http://localhost:8888/admin/manage" "Mozilla/5.0 (Windows NT 6.1) AppleWebKit/537.36 (KHTML, like Gecko) Chrome/54.0.2840.99 Safari/537.36"
[2017-01-10 17:24:08.384] [WARN] http - ::1 - - "GET /assets/js/theme.js HTTP/1.1" 304 - "http://localhost:8888/admin/manage" "Mozilla/5.0 (Windows NT 6.1) AppleWebKit/537.36 (KHTML, like Gecko) Chrome/54.0.2840.99 Safari/537.36"
[2017-01-10 17:24:08.652] [WARN] http - ::1 - - "GET /assets/img/logo.png HTTP/1.1" 304 - "http://localhost:8888/admin/manage" "Mozilla/5.0 (Windows NT 6.1) AppleWebKit/537.36 (KHTML, like Gecko) Chrome/54.0.2840.99 Safari/537.36"
[2017-01-10 17:24:08.655] [WARN] http - ::1 - - "GET /assets/js/amazeui.min.js HTTP/1.1" 304 - "http://localhost:8888/admin/manage" "Mozilla/5.0 (Windows NT 6.1) AppleWebKit/537.36 (KHTML, like Gecko) Chrome/54.0.2840.99 Safari/537.36"
[2017-01-10 17:24:08.657] [WARN] http - ::1 - - "GET /assets/js/amazeui.datatables.min.js HTTP/1.1" 304 - "http://localhost:8888/admin/manage" "Mozilla/5.0 (Windows NT 6.1) AppleWebKit/537.36 (KHTML, like Gecko) Chrome/54.0.2840.99 Safari/537.36"
[2017-01-10 17:24:08.660] [WARN] http - ::1 - - "GET /assets/js/dataTables.responsive.min.js HTTP/1.1" 304 - "http://localhost:8888/admin/manage" "Mozilla/5.0 (Windows NT 6.1) AppleWebKit/537.36 (KHTML, like Gecko) Chrome/54.0.2840.99 Safari/537.36"
[2017-01-10 17:24:08.665] [WARN] http - ::1 - - "GET /assets/js/app.js HTTP/1.1" 304 - "http://localhost:8888/admin/manage" "Mozilla/5.0 (Windows NT 6.1) AppleWebKit/537.36 (KHTML, like Gecko) Chrome/54.0.2840.99 Safari/537.36"
[2017-01-10 17:24:08.668] [WARN] http - ::1 - - "GET /js/controller.js HTTP/1.1" 304 - "http://localhost:8888/admin/manage" "Mozilla/5.0 (Windows NT 6.1) AppleWebKit/537.36 (KHTML, like Gecko) Chrome/54.0.2840.99 Safari/537.36"
[2017-01-10 17:24:08.670] [WARN] http - ::1 - - "GET /js/cjs.func.js HTTP/1.1" 304 - "http://localhost:8888/admin/manage" "Mozilla/5.0 (Windows NT 6.1) AppleWebKit/537.36 (KHTML, like Gecko) Chrome/54.0.2840.99 Safari/537.36"
[2017-01-10 17:24:08.673] [WARN] http - ::1 - - "GET /assets/js/jquery.ztree.core.js HTTP/1.1" 304 - "http://localhost:8888/admin/manage" "Mozilla/5.0 (Windows NT 6.1) AppleWebKit/537.36 (KHTML, like Gecko) Chrome/54.0.2840.99 Safari/537.36"
[2017-01-10 17:24:08.676] [WARN] http - ::1 - - "GET /assets/js/jquery.ztree.excheck.js HTTP/1.1" 304 - "http://localhost:8888/admin/manage" "Mozilla/5.0 (Windows NT 6.1) AppleWebKit/537.36 (KHTML, like Gecko) Chrome/54.0.2840.99 Safari/537.36"
[2017-01-10 17:24:08.678] [WARN] http - ::1 - - "GET /assets/img/user04.png HTTP/1.1" 304 - "http://localhost:8888/admin/manage" "Mozilla/5.0 (Windows NT 6.1) AppleWebKit/537.36 (KHTML, like Gecko) Chrome/54.0.2840.99 Safari/537.36"
[2017-01-10 17:24:08.682] [WARN] http - ::1 - - "GET /assets/img/user02.png HTTP/1.1" 304 - "http://localhost:8888/admin/manage" "Mozilla/5.0 (Windows NT 6.1) AppleWebKit/537.36 (KHTML, like Gecko) Chrome/54.0.2840.99 Safari/537.36"
[2017-01-10 17:24:08.685] [WARN] http - ::1 - - "GET /assets/img/user07.png HTTP/1.1" 304 - "http://localhost:8888/admin/manage" "Mozilla/5.0 (Windows NT 6.1) AppleWebKit/537.36 (KHTML, like Gecko) Chrome/54.0.2840.99 Safari/537.36"
[2017-01-10 17:24:08.747] [WARN] http - ::1 - - "GET /assets/fonts/fontawesome-webfont.woff2?v=4.6.3 HTTP/1.1" 304 - "http://localhost:8888/assets/css/amazeui.min.css" "Mozilla/5.0 (Windows NT 6.1) AppleWebKit/537.36 (KHTML, like Gecko) Chrome/54.0.2840.99 Safari/537.36"
[2017-01-10 17:24:32.692] [WARN] http - ::1 - - "GET /admin/manage HTTP/1.1" 304 - "" "Mozilla/5.0 (Windows NT 6.1) AppleWebKit/537.36 (KHTML, like Gecko) Chrome/54.0.2840.99 Safari/537.36"
[2017-01-10 17:24:32.711] [WARN] http - ::1 - - "GET /assets/css/amazeui.min.css HTTP/1.1" 304 - "http://localhost:8888/admin/manage" "Mozilla/5.0 (Windows NT 6.1) AppleWebKit/537.36 (KHTML, like Gecko) Chrome/54.0.2840.99 Safari/537.36"
[2017-01-10 17:24:32.717] [WARN] http - ::1 - - "GET /assets/css/amazeui.datatables.min.css HTTP/1.1" 304 - "http://localhost:8888/admin/manage" "Mozilla/5.0 (Windows NT 6.1) AppleWebKit/537.36 (KHTML, like Gecko) Chrome/54.0.2840.99 Safari/537.36"
[2017-01-10 17:24:32.721] [WARN] http - ::1 - - "GET /assets/css/app.css HTTP/1.1" 304 - "http://localhost:8888/admin/manage" "Mozilla/5.0 (Windows NT 6.1) AppleWebKit/537.36 (KHTML, like Gecko) Chrome/54.0.2840.99 Safari/537.36"
[2017-01-10 17:24:32.721] [WARN] http - ::1 - - "GET /assets/css/zTreeStyle.css HTTP/1.1" 304 - "http://localhost:8888/admin/manage" "Mozilla/5.0 (Windows NT 6.1) AppleWebKit/537.36 (KHTML, like Gecko) Chrome/54.0.2840.99 Safari/537.36"
[2017-01-10 17:24:32.721] [WARN] http - ::1 - - "GET /assets/js/jquery.min.js HTTP/1.1" 304 - "http://localhost:8888/admin/manage" "Mozilla/5.0 (Windows NT 6.1) AppleWebKit/537.36 (KHTML, like Gecko) Chrome/54.0.2840.99 Safari/537.36"
[2017-01-10 17:24:32.721] [WARN] http - ::1 - - "GET /js/angular.min.js HTTP/1.1" 304 - "http://localhost:8888/admin/manage" "Mozilla/5.0 (Windows NT 6.1) AppleWebKit/537.36 (KHTML, like Gecko) Chrome/54.0.2840.99 Safari/537.36"
[2017-01-10 17:24:32.721] [WARN] http - ::1 - - "GET /assets/js/theme.js HTTP/1.1" 304 - "http://localhost:8888/admin/manage" "Mozilla/5.0 (Windows NT 6.1) AppleWebKit/537.36 (KHTML, like Gecko) Chrome/54.0.2840.99 Safari/537.36"
[2017-01-10 17:24:32.727] [WARN] http - ::1 - - "GET /assets/js/amazeui.min.js HTTP/1.1" 304 - "http://localhost:8888/admin/manage" "Mozilla/5.0 (Windows NT 6.1) AppleWebKit/537.36 (KHTML, like Gecko) Chrome/54.0.2840.99 Safari/537.36"
[2017-01-10 17:24:32.732] [WARN] http - ::1 - - "GET /assets/js/amazeui.datatables.min.js HTTP/1.1" 304 - "http://localhost:8888/admin/manage" "Mozilla/5.0 (Windows NT 6.1) AppleWebKit/537.36 (KHTML, like Gecko) Chrome/54.0.2840.99 Safari/537.36"
[2017-01-10 17:24:32.735] [WARN] http - ::1 - - "GET /assets/js/dataTables.responsive.min.js HTTP/1.1" 304 - "http://localhost:8888/admin/manage" "Mozilla/5.0 (Windows NT 6.1) AppleWebKit/537.36 (KHTML, like Gecko) Chrome/54.0.2840.99 Safari/537.36"
[2017-01-10 17:24:32.737] [WARN] http - ::1 - - "GET /assets/js/app.js HTTP/1.1" 304 - "http://localhost:8888/admin/manage" "Mozilla/5.0 (Windows NT 6.1) AppleWebKit/537.36 (KHTML, like Gecko) Chrome/54.0.2840.99 Safari/537.36"
[2017-01-10 17:24:32.740] [WARN] http - ::1 - - "GET /js/controller.js HTTP/1.1" 304 - "http://localhost:8888/admin/manage" "Mozilla/5.0 (Windows NT 6.1) AppleWebKit/537.36 (KHTML, like Gecko) Chrome/54.0.2840.99 Safari/537.36"
[2017-01-10 17:24:32.742] [WARN] http - ::1 - - "GET /js/cjs.func.js HTTP/1.1" 304 - "http://localhost:8888/admin/manage" "Mozilla/5.0 (Windows NT 6.1) AppleWebKit/537.36 (KHTML, like Gecko) Chrome/54.0.2840.99 Safari/537.36"
[2017-01-10 17:24:32.745] [WARN] http - ::1 - - "GET /assets/js/jquery.ztree.core.js HTTP/1.1" 304 - "http://localhost:8888/admin/manage" "Mozilla/5.0 (Windows NT 6.1) AppleWebKit/537.36 (KHTML, like Gecko) Chrome/54.0.2840.99 Safari/537.36"
[2017-01-10 17:24:32.748] [WARN] http - ::1 - - "GET /assets/js/jquery.ztree.excheck.js HTTP/1.1" 304 - "http://localhost:8888/admin/manage" "Mozilla/5.0 (Windows NT 6.1) AppleWebKit/537.36 (KHTML, like Gecko) Chrome/54.0.2840.99 Safari/537.36"
[2017-01-10 17:24:32.751] [WARN] http - ::1 - - "GET /assets/img/logo.png HTTP/1.1" 304 - "http://localhost:8888/admin/manage" "Mozilla/5.0 (Windows NT 6.1) AppleWebKit/537.36 (KHTML, like Gecko) Chrome/54.0.2840.99 Safari/537.36"
[2017-01-10 17:24:32.755] [WARN] http - ::1 - - "GET /assets/img/user04.png HTTP/1.1" 304 - "http://localhost:8888/admin/manage" "Mozilla/5.0 (Windows NT 6.1) AppleWebKit/537.36 (KHTML, like Gecko) Chrome/54.0.2840.99 Safari/537.36"
[2017-01-10 17:24:32.757] [WARN] http - ::1 - - "GET /assets/img/user02.png HTTP/1.1" 304 - "http://localhost:8888/admin/manage" "Mozilla/5.0 (Windows NT 6.1) AppleWebKit/537.36 (KHTML, like Gecko) Chrome/54.0.2840.99 Safari/537.36"
[2017-01-10 17:24:32.761] [WARN] http - ::1 - - "GET /assets/img/user07.png HTTP/1.1" 304 - "http://localhost:8888/admin/manage" "Mozilla/5.0 (Windows NT 6.1) AppleWebKit/537.36 (KHTML, like Gecko) Chrome/54.0.2840.99 Safari/537.36"
[2017-01-10 17:24:33.063] [WARN] http - ::1 - - "GET /assets/fonts/fontawesome-webfont.woff2?v=4.6.3 HTTP/1.1" 304 - "http://localhost:8888/assets/css/amazeui.min.css" "Mozilla/5.0 (Windows NT 6.1) AppleWebKit/537.36 (KHTML, like Gecko) Chrome/54.0.2840.99 Safari/537.36"
